

================================================================
== Vivado HLS Report for 'd_sigmoid'
================================================================
* Date:           Mon Sep  5 12:50:57 2022

* Version:        2019.2 (Build 2704478 on Wed Nov 06 22:10:23 MST 2019)
* Project:        sigmoid
* Solution:       unroll
* Product family: zynq
* Target device:  xc7z020-clg400-3


================================================================
== Performance Estimates
================================================================
+ Timing: 
    * Summary: 
    +--------+----------+----------+------------+
    |  Clock |  Target  | Estimated| Uncertainty|
    +--------+----------+----------+------------+
    |ap_clk  | 10.00 ns | 8.253 ns |   1.25 ns  |
    +--------+----------+----------+------------+

+ Latency: 
    * Summary: 
    +---------+---------+----------+----------+-----+-----+---------+
    |  Latency (cycles) |  Latency (absolute) |  Interval | Pipeline|
    |   min   |   max   |    min   |    max   | min | max |   Type  |
    +---------+---------+----------+----------+-----+-----+---------+
    |       14|       14| 0.140 us | 0.140 us |   14|   14|   none  |
    +---------+---------+----------+----------+-----+-----+---------+

    + Detail: 
        * Instance: 
        N/A

        * Loop: 
        N/A



================================================================
== Utilization Estimates
================================================================
* Summary: 
+-----------------+---------+-------+--------+-------+-----+
|       Name      | BRAM_18K| DSP48E|   FF   |  LUT  | URAM|
+-----------------+---------+-------+--------+-------+-----+
|DSP              |        -|      -|       -|      -|    -|
|Expression       |        -|      -|       -|      -|    -|
|FIFO             |        -|      -|       -|      -|    -|
|Instance         |        -|     28|    1490|   3448|    -|
|Memory           |        -|      -|       -|      -|    -|
|Multiplexer      |        -|      -|       -|    281|    -|
|Register         |        -|      -|    1167|      -|    -|
+-----------------+---------+-------+--------+-------+-----+
|Total            |        0|     28|    2657|   3729|    0|
+-----------------+---------+-------+--------+-------+-----+
|Available        |      280|    220|  106400|  53200|    0|
+-----------------+---------+-------+--------+-------+-----+
|Utilization (%)  |        0|     12|       2|      7|    0|
+-----------------+---------+-------+--------+-------+-----+

+ Detail: 
    * Instance: 
    +-------------------------+----------------------+---------+-------+-----+------+-----+
    |         Instance        |        Module        | BRAM_18K| DSP48E|  FF |  LUT | URAM|
    +-------------------------+----------------------+---------+-------+-----+------+-----+
    |d_sigmoid_dmul_64cud_U3  |d_sigmoid_dmul_64cud  |        0|     11|  299|   578|    0|
    |d_sigmoid_dmul_64cud_U4  |d_sigmoid_dmul_64cud  |        0|     11|  299|   578|    0|
    |d_sigmoid_dsub_64bkb_U1  |d_sigmoid_dsub_64bkb  |        0|      3|  446|  1146|    0|
    |d_sigmoid_dsub_64bkb_U2  |d_sigmoid_dsub_64bkb  |        0|      3|  446|  1146|    0|
    +-------------------------+----------------------+---------+-------+-----+------+-----+
    |Total                    |                      |        0|     28| 1490|  3448|    0|
    +-------------------------+----------------------+---------+-------+-----+------+-----+

    * DSP48E: 
    N/A

    * Memory: 
    N/A

    * FIFO: 
    N/A

    * Expression: 
    N/A

    * Multiplexer: 
    +---------------------------+----+-----------+-----+-----------+
    |            Name           | LUT| Input Size| Bits| Total Bits|
    +---------------------------+----+-----------+-----+-----------+
    |ap_NS_fsm                  |  65|         16|    1|         16|
    |grp_fu_206_p0              |  27|          5|   64|        320|
    |grp_fu_206_p1              |  27|          5|   64|        320|
    |grp_fu_210_p0              |  27|          5|   64|        320|
    |grp_fu_210_p1              |  27|          5|   64|        320|
    |layer_derivative_address0  |  27|          5|    3|         15|
    |layer_derivative_address1  |  27|          5|    3|         15|
    |layer_output_address0      |  27|          5|    3|         15|
    |layer_output_address1      |  27|          5|    3|         15|
    +---------------------------+----+-----------+-----+-----------+
    |Total                      | 281|         56|  269|       1356|
    +---------------------------+----+-----------+-----+-----------+

    * Register: 
    +-----------------------------+----+----+-----+-----------+
    |             Name            | FF | LUT| Bits| Const Bits|
    +-----------------------------+----+----+-----+-----------+
    |ap_CS_fsm                    |  15|   0|   15|          0|
    |layer_output_load_1_reg_240  |  64|   0|   64|          0|
    |layer_output_load_2_reg_256  |  64|   0|   64|          0|
    |layer_output_load_3_reg_262  |  64|   0|   64|          0|
    |layer_output_load_4_reg_278  |  64|   0|   64|          0|
    |layer_output_load_5_reg_284  |  64|   0|   64|          0|
    |layer_output_load_6_reg_300  |  64|   0|   64|          0|
    |layer_output_load_7_reg_306  |  64|   0|   64|          0|
    |layer_output_load_reg_234    |  64|   0|   64|          0|
    |reg_214                      |  64|   0|   64|          0|
    |reg_219                      |  64|   0|   64|          0|
    |tmp_2_reg_322                |  64|   0|   64|          0|
    |tmp_3_reg_327                |  64|   0|   64|          0|
    |tmp_4_reg_332                |  64|   0|   64|          0|
    |tmp_5_reg_337                |  64|   0|   64|          0|
    |tmp_6_reg_342                |  64|   0|   64|          0|
    |tmp_7_reg_347                |  64|   0|   64|          0|
    |tmp_reg_312                  |  64|   0|   64|          0|
    |tmp_s_reg_317                |  64|   0|   64|          0|
    +-----------------------------+----+----+-----+-----------+
    |Total                        |1167|   0| 1167|          0|
    +-----------------------------+----+----+-----+-----------+



================================================================
== Interface
================================================================
* Summary: 
+---------------------------+-----+-----+------------+------------------+--------------+
|         RTL Ports         | Dir | Bits|  Protocol  |   Source Object  |    C Type    |
+---------------------------+-----+-----+------------+------------------+--------------+
|ap_clk                     |  in |    1| ap_ctrl_hs |     d_sigmoid    | return value |
|ap_rst                     |  in |    1| ap_ctrl_hs |     d_sigmoid    | return value |
|ap_start                   |  in |    1| ap_ctrl_hs |     d_sigmoid    | return value |
|ap_done                    | out |    1| ap_ctrl_hs |     d_sigmoid    | return value |
|ap_idle                    | out |    1| ap_ctrl_hs |     d_sigmoid    | return value |
|ap_ready                   | out |    1| ap_ctrl_hs |     d_sigmoid    | return value |
|layer_input_address0       | out |    3|  ap_memory |    layer_input   |     array    |
|layer_input_ce0            | out |    1|  ap_memory |    layer_input   |     array    |
|layer_input_we0            | out |    1|  ap_memory |    layer_input   |     array    |
|layer_input_d0             | out |   64|  ap_memory |    layer_input   |     array    |
|layer_input_q0             |  in |   64|  ap_memory |    layer_input   |     array    |
|layer_input_address1       | out |    3|  ap_memory |    layer_input   |     array    |
|layer_input_ce1            | out |    1|  ap_memory |    layer_input   |     array    |
|layer_input_we1            | out |    1|  ap_memory |    layer_input   |     array    |
|layer_input_d1             | out |   64|  ap_memory |    layer_input   |     array    |
|layer_input_q1             |  in |   64|  ap_memory |    layer_input   |     array    |
|layer_output_address0      | out |    3|  ap_memory |   layer_output   |     array    |
|layer_output_ce0           | out |    1|  ap_memory |   layer_output   |     array    |
|layer_output_q0            |  in |   64|  ap_memory |   layer_output   |     array    |
|layer_output_address1      | out |    3|  ap_memory |   layer_output   |     array    |
|layer_output_ce1           | out |    1|  ap_memory |   layer_output   |     array    |
|layer_output_q1            |  in |   64|  ap_memory |   layer_output   |     array    |
|layer_derivative_address0  | out |    3|  ap_memory | layer_derivative |     array    |
|layer_derivative_ce0       | out |    1|  ap_memory | layer_derivative |     array    |
|layer_derivative_we0       | out |    1|  ap_memory | layer_derivative |     array    |
|layer_derivative_d0        | out |   64|  ap_memory | layer_derivative |     array    |
|layer_derivative_address1  | out |    3|  ap_memory | layer_derivative |     array    |
|layer_derivative_ce1       | out |    1|  ap_memory | layer_derivative |     array    |
|layer_derivative_we1       | out |    1|  ap_memory | layer_derivative |     array    |
|layer_derivative_d1        | out |   64|  ap_memory | layer_derivative |     array    |
+---------------------------+-----+-----+------------+------------------+--------------+

============================================================
+ Verbose Summary: Synthesis Manager
============================================================
InlineROM: 1
ExposeGlobal: 0
============================================================
+ Verbose Summary: CDFG Model
============================================================
IsTopModel: 1
ResetActiveHigh: 1
IsCombinational: 2
IsDatapathOnly: 2
HasWiredReturn: 1
HasMFsm: 0
HasVarLatency: 1
IsPipeline: 0
IsRtlPipelined: 0
IsInstanceOverlapped: 0
IsDontTouch: 0
HasImplIP: 0
IsGatedGlobalClock: 0


============================================================
+ Verbose Summary: Schedule
============================================================
* Number of FSM states : 15
* Pipeline : 0
* Dataflow Pipeline: 0

* FSM state transitions: 
1 --> 2 
2 --> 3 
3 --> 4 
4 --> 5 
5 --> 6 
6 --> 7 
7 --> 8 
8 --> 9 
9 --> 10 
10 --> 11 
11 --> 12 
12 --> 13 
13 --> 14 
14 --> 15 
15 --> 

* FSM state operations: 

State 1 <SV = 0> <Delay = 1.56>
ST_1 : Operation 16 [1/1] (0.00ns)   --->   "%layer_output_addr = getelementptr [8 x double]* %layer_output, i64 0, i64 1" [sigmoid/blank/sigmoid.c:12]   --->   Operation 16 'getelementptr' 'layer_output_addr' <Predicate = true> <Delay = 0.00>
ST_1 : Operation 17 [2/2] (1.56ns)   --->   "%layer_output_load = load double* %layer_output_addr, align 8" [sigmoid/blank/sigmoid.c:12]   --->   Operation 17 'load' 'layer_output_load' <Predicate = true> <Delay = 1.56> <Core = "RAM">   --->   Core 37 'RAM' <Latency = 1> <II = 1> <Delay = 1.56> <Storage> <Opcode : 'load' 'store'> <Ports = 2> <Width = 64> <Depth = 8> <RAM>
ST_1 : Operation 18 [1/1] (0.00ns)   --->   "%layer_output_addr_1 = getelementptr [8 x double]* %layer_output, i64 0, i64 2" [sigmoid/blank/sigmoid.c:12]   --->   Operation 18 'getelementptr' 'layer_output_addr_1' <Predicate = true> <Delay = 0.00>
ST_1 : Operation 19 [2/2] (1.56ns)   --->   "%layer_output_load_1 = load double* %layer_output_addr_1, align 8" [sigmoid/blank/sigmoid.c:12]   --->   Operation 19 'load' 'layer_output_load_1' <Predicate = true> <Delay = 1.56> <Core = "RAM">   --->   Core 37 'RAM' <Latency = 1> <II = 1> <Delay = 1.56> <Storage> <Opcode : 'load' 'store'> <Ports = 2> <Width = 64> <Depth = 8> <RAM>

State 2 <SV = 1> <Delay = 8.25>
ST_2 : Operation 20 [1/2] (1.56ns)   --->   "%layer_output_load = load double* %layer_output_addr, align 8" [sigmoid/blank/sigmoid.c:12]   --->   Operation 20 'load' 'layer_output_load' <Predicate = true> <Delay = 1.56> <Core = "RAM">   --->   Core 37 'RAM' <Latency = 1> <II = 1> <Delay = 1.56> <Storage> <Opcode : 'load' 'store'> <Ports = 2> <Width = 64> <Depth = 8> <RAM>
ST_2 : Operation 21 [5/5] (6.68ns)   --->   "%tmp = fsub double 1.000000e+00, %layer_output_load" [sigmoid/blank/sigmoid.c:12]   --->   Operation 21 'dsub' 'tmp' <Predicate = true> <Delay = 6.68> <Core = "DAddSub">   --->   Core 115 'DAddSub' <Latency = 4> <II = 1> <Delay = 6.68> <FuncUnit> <Opcode : 'dadd' 'dsub'> <InPorts = 2> <OutPorts = 1>
ST_2 : Operation 22 [1/2] (1.56ns)   --->   "%layer_output_load_1 = load double* %layer_output_addr_1, align 8" [sigmoid/blank/sigmoid.c:12]   --->   Operation 22 'load' 'layer_output_load_1' <Predicate = true> <Delay = 1.56> <Core = "RAM">   --->   Core 37 'RAM' <Latency = 1> <II = 1> <Delay = 1.56> <Storage> <Opcode : 'load' 'store'> <Ports = 2> <Width = 64> <Depth = 8> <RAM>
ST_2 : Operation 23 [5/5] (6.68ns)   --->   "%tmp_s = fsub double 1.000000e+00, %layer_output_load_1" [sigmoid/blank/sigmoid.c:12]   --->   Operation 23 'dsub' 'tmp_s' <Predicate = true> <Delay = 6.68> <Core = "DAddSub">   --->   Core 115 'DAddSub' <Latency = 4> <II = 1> <Delay = 6.68> <FuncUnit> <Opcode : 'dadd' 'dsub'> <InPorts = 2> <OutPorts = 1>
ST_2 : Operation 24 [1/1] (0.00ns)   --->   "%layer_output_addr_2 = getelementptr [8 x double]* %layer_output, i64 0, i64 3" [sigmoid/blank/sigmoid.c:12]   --->   Operation 24 'getelementptr' 'layer_output_addr_2' <Predicate = true> <Delay = 0.00>
ST_2 : Operation 25 [2/2] (1.56ns)   --->   "%layer_output_load_2 = load double* %layer_output_addr_2, align 8" [sigmoid/blank/sigmoid.c:12]   --->   Operation 25 'load' 'layer_output_load_2' <Predicate = true> <Delay = 1.56> <Core = "RAM">   --->   Core 37 'RAM' <Latency = 1> <II = 1> <Delay = 1.56> <Storage> <Opcode : 'load' 'store'> <Ports = 2> <Width = 64> <Depth = 8> <RAM>
ST_2 : Operation 26 [1/1] (0.00ns)   --->   "%layer_output_addr_3 = getelementptr [8 x double]* %layer_output, i64 0, i64 4" [sigmoid/blank/sigmoid.c:12]   --->   Operation 26 'getelementptr' 'layer_output_addr_3' <Predicate = true> <Delay = 0.00>
ST_2 : Operation 27 [2/2] (1.56ns)   --->   "%layer_output_load_3 = load double* %layer_output_addr_3, align 8" [sigmoid/blank/sigmoid.c:12]   --->   Operation 27 'load' 'layer_output_load_3' <Predicate = true> <Delay = 1.56> <Core = "RAM">   --->   Core 37 'RAM' <Latency = 1> <II = 1> <Delay = 1.56> <Storage> <Opcode : 'load' 'store'> <Ports = 2> <Width = 64> <Depth = 8> <RAM>

State 3 <SV = 2> <Delay = 8.25>
ST_3 : Operation 28 [4/5] (6.68ns)   --->   "%tmp = fsub double 1.000000e+00, %layer_output_load" [sigmoid/blank/sigmoid.c:12]   --->   Operation 28 'dsub' 'tmp' <Predicate = true> <Delay = 6.68> <Core = "DAddSub">   --->   Core 115 'DAddSub' <Latency = 4> <II = 1> <Delay = 6.68> <FuncUnit> <Opcode : 'dadd' 'dsub'> <InPorts = 2> <OutPorts = 1>
ST_3 : Operation 29 [4/5] (6.68ns)   --->   "%tmp_s = fsub double 1.000000e+00, %layer_output_load_1" [sigmoid/blank/sigmoid.c:12]   --->   Operation 29 'dsub' 'tmp_s' <Predicate = true> <Delay = 6.68> <Core = "DAddSub">   --->   Core 115 'DAddSub' <Latency = 4> <II = 1> <Delay = 6.68> <FuncUnit> <Opcode : 'dadd' 'dsub'> <InPorts = 2> <OutPorts = 1>
ST_3 : Operation 30 [1/2] (1.56ns)   --->   "%layer_output_load_2 = load double* %layer_output_addr_2, align 8" [sigmoid/blank/sigmoid.c:12]   --->   Operation 30 'load' 'layer_output_load_2' <Predicate = true> <Delay = 1.56> <Core = "RAM">   --->   Core 37 'RAM' <Latency = 1> <II = 1> <Delay = 1.56> <Storage> <Opcode : 'load' 'store'> <Ports = 2> <Width = 64> <Depth = 8> <RAM>
ST_3 : Operation 31 [5/5] (6.68ns)   --->   "%tmp_2 = fsub double 1.000000e+00, %layer_output_load_2" [sigmoid/blank/sigmoid.c:12]   --->   Operation 31 'dsub' 'tmp_2' <Predicate = true> <Delay = 6.68> <Core = "DAddSub">   --->   Core 115 'DAddSub' <Latency = 4> <II = 1> <Delay = 6.68> <FuncUnit> <Opcode : 'dadd' 'dsub'> <InPorts = 2> <OutPorts = 1>
ST_3 : Operation 32 [1/2] (1.56ns)   --->   "%layer_output_load_3 = load double* %layer_output_addr_3, align 8" [sigmoid/blank/sigmoid.c:12]   --->   Operation 32 'load' 'layer_output_load_3' <Predicate = true> <Delay = 1.56> <Core = "RAM">   --->   Core 37 'RAM' <Latency = 1> <II = 1> <Delay = 1.56> <Storage> <Opcode : 'load' 'store'> <Ports = 2> <Width = 64> <Depth = 8> <RAM>
ST_3 : Operation 33 [5/5] (6.68ns)   --->   "%tmp_3 = fsub double 1.000000e+00, %layer_output_load_3" [sigmoid/blank/sigmoid.c:12]   --->   Operation 33 'dsub' 'tmp_3' <Predicate = true> <Delay = 6.68> <Core = "DAddSub">   --->   Core 115 'DAddSub' <Latency = 4> <II = 1> <Delay = 6.68> <FuncUnit> <Opcode : 'dadd' 'dsub'> <InPorts = 2> <OutPorts = 1>
ST_3 : Operation 34 [1/1] (0.00ns)   --->   "%layer_output_addr_4 = getelementptr [8 x double]* %layer_output, i64 0, i64 5" [sigmoid/blank/sigmoid.c:12]   --->   Operation 34 'getelementptr' 'layer_output_addr_4' <Predicate = true> <Delay = 0.00>
ST_3 : Operation 35 [2/2] (1.56ns)   --->   "%layer_output_load_4 = load double* %layer_output_addr_4, align 8" [sigmoid/blank/sigmoid.c:12]   --->   Operation 35 'load' 'layer_output_load_4' <Predicate = true> <Delay = 1.56> <Core = "RAM">   --->   Core 37 'RAM' <Latency = 1> <II = 1> <Delay = 1.56> <Storage> <Opcode : 'load' 'store'> <Ports = 2> <Width = 64> <Depth = 8> <RAM>
ST_3 : Operation 36 [1/1] (0.00ns)   --->   "%layer_output_addr_5 = getelementptr [8 x double]* %layer_output, i64 0, i64 6" [sigmoid/blank/sigmoid.c:12]   --->   Operation 36 'getelementptr' 'layer_output_addr_5' <Predicate = true> <Delay = 0.00>
ST_3 : Operation 37 [2/2] (1.56ns)   --->   "%layer_output_load_5 = load double* %layer_output_addr_5, align 8" [sigmoid/blank/sigmoid.c:12]   --->   Operation 37 'load' 'layer_output_load_5' <Predicate = true> <Delay = 1.56> <Core = "RAM">   --->   Core 37 'RAM' <Latency = 1> <II = 1> <Delay = 1.56> <Storage> <Opcode : 'load' 'store'> <Ports = 2> <Width = 64> <Depth = 8> <RAM>

State 4 <SV = 3> <Delay = 8.25>
ST_4 : Operation 38 [3/5] (6.68ns)   --->   "%tmp = fsub double 1.000000e+00, %layer_output_load" [sigmoid/blank/sigmoid.c:12]   --->   Operation 38 'dsub' 'tmp' <Predicate = true> <Delay = 6.68> <Core = "DAddSub">   --->   Core 115 'DAddSub' <Latency = 4> <II = 1> <Delay = 6.68> <FuncUnit> <Opcode : 'dadd' 'dsub'> <InPorts = 2> <OutPorts = 1>
ST_4 : Operation 39 [3/5] (6.68ns)   --->   "%tmp_s = fsub double 1.000000e+00, %layer_output_load_1" [sigmoid/blank/sigmoid.c:12]   --->   Operation 39 'dsub' 'tmp_s' <Predicate = true> <Delay = 6.68> <Core = "DAddSub">   --->   Core 115 'DAddSub' <Latency = 4> <II = 1> <Delay = 6.68> <FuncUnit> <Opcode : 'dadd' 'dsub'> <InPorts = 2> <OutPorts = 1>
ST_4 : Operation 40 [4/5] (6.68ns)   --->   "%tmp_2 = fsub double 1.000000e+00, %layer_output_load_2" [sigmoid/blank/sigmoid.c:12]   --->   Operation 40 'dsub' 'tmp_2' <Predicate = true> <Delay = 6.68> <Core = "DAddSub">   --->   Core 115 'DAddSub' <Latency = 4> <II = 1> <Delay = 6.68> <FuncUnit> <Opcode : 'dadd' 'dsub'> <InPorts = 2> <OutPorts = 1>
ST_4 : Operation 41 [4/5] (6.68ns)   --->   "%tmp_3 = fsub double 1.000000e+00, %layer_output_load_3" [sigmoid/blank/sigmoid.c:12]   --->   Operation 41 'dsub' 'tmp_3' <Predicate = true> <Delay = 6.68> <Core = "DAddSub">   --->   Core 115 'DAddSub' <Latency = 4> <II = 1> <Delay = 6.68> <FuncUnit> <Opcode : 'dadd' 'dsub'> <InPorts = 2> <OutPorts = 1>
ST_4 : Operation 42 [1/2] (1.56ns)   --->   "%layer_output_load_4 = load double* %layer_output_addr_4, align 8" [sigmoid/blank/sigmoid.c:12]   --->   Operation 42 'load' 'layer_output_load_4' <Predicate = true> <Delay = 1.56> <Core = "RAM">   --->   Core 37 'RAM' <Latency = 1> <II = 1> <Delay = 1.56> <Storage> <Opcode : 'load' 'store'> <Ports = 2> <Width = 64> <Depth = 8> <RAM>
ST_4 : Operation 43 [5/5] (6.68ns)   --->   "%tmp_4 = fsub double 1.000000e+00, %layer_output_load_4" [sigmoid/blank/sigmoid.c:12]   --->   Operation 43 'dsub' 'tmp_4' <Predicate = true> <Delay = 6.68> <Core = "DAddSub">   --->   Core 115 'DAddSub' <Latency = 4> <II = 1> <Delay = 6.68> <FuncUnit> <Opcode : 'dadd' 'dsub'> <InPorts = 2> <OutPorts = 1>
ST_4 : Operation 44 [1/2] (1.56ns)   --->   "%layer_output_load_5 = load double* %layer_output_addr_5, align 8" [sigmoid/blank/sigmoid.c:12]   --->   Operation 44 'load' 'layer_output_load_5' <Predicate = true> <Delay = 1.56> <Core = "RAM">   --->   Core 37 'RAM' <Latency = 1> <II = 1> <Delay = 1.56> <Storage> <Opcode : 'load' 'store'> <Ports = 2> <Width = 64> <Depth = 8> <RAM>
ST_4 : Operation 45 [5/5] (6.68ns)   --->   "%tmp_5 = fsub double 1.000000e+00, %layer_output_load_5" [sigmoid/blank/sigmoid.c:12]   --->   Operation 45 'dsub' 'tmp_5' <Predicate = true> <Delay = 6.68> <Core = "DAddSub">   --->   Core 115 'DAddSub' <Latency = 4> <II = 1> <Delay = 6.68> <FuncUnit> <Opcode : 'dadd' 'dsub'> <InPorts = 2> <OutPorts = 1>
ST_4 : Operation 46 [1/1] (0.00ns)   --->   "%layer_output_addr_6 = getelementptr [8 x double]* %layer_output, i64 0, i64 7" [sigmoid/blank/sigmoid.c:12]   --->   Operation 46 'getelementptr' 'layer_output_addr_6' <Predicate = true> <Delay = 0.00>
ST_4 : Operation 47 [2/2] (1.56ns)   --->   "%layer_output_load_6 = load double* %layer_output_addr_6, align 8" [sigmoid/blank/sigmoid.c:12]   --->   Operation 47 'load' 'layer_output_load_6' <Predicate = true> <Delay = 1.56> <Core = "RAM">   --->   Core 37 'RAM' <Latency = 1> <II = 1> <Delay = 1.56> <Storage> <Opcode : 'load' 'store'> <Ports = 2> <Width = 64> <Depth = 8> <RAM>
ST_4 : Operation 48 [1/1] (0.00ns)   --->   "%layer_output_addr_7 = getelementptr [8 x double]* %layer_output, i64 0, i64 8" [sigmoid/blank/sigmoid.c:12]   --->   Operation 48 'getelementptr' 'layer_output_addr_7' <Predicate = true> <Delay = 0.00>
ST_4 : Operation 49 [2/2] (1.56ns)   --->   "%layer_output_load_7 = load double* %layer_output_addr_7, align 8" [sigmoid/blank/sigmoid.c:12]   --->   Operation 49 'load' 'layer_output_load_7' <Predicate = true> <Delay = 1.56> <Core = "RAM">   --->   Core 37 'RAM' <Latency = 1> <II = 1> <Delay = 1.56> <Storage> <Opcode : 'load' 'store'> <Ports = 2> <Width = 64> <Depth = 8> <RAM>

State 5 <SV = 4> <Delay = 8.25>
ST_5 : Operation 50 [2/5] (6.68ns)   --->   "%tmp = fsub double 1.000000e+00, %layer_output_load" [sigmoid/blank/sigmoid.c:12]   --->   Operation 50 'dsub' 'tmp' <Predicate = true> <Delay = 6.68> <Core = "DAddSub">   --->   Core 115 'DAddSub' <Latency = 4> <II = 1> <Delay = 6.68> <FuncUnit> <Opcode : 'dadd' 'dsub'> <InPorts = 2> <OutPorts = 1>
ST_5 : Operation 51 [2/5] (6.68ns)   --->   "%tmp_s = fsub double 1.000000e+00, %layer_output_load_1" [sigmoid/blank/sigmoid.c:12]   --->   Operation 51 'dsub' 'tmp_s' <Predicate = true> <Delay = 6.68> <Core = "DAddSub">   --->   Core 115 'DAddSub' <Latency = 4> <II = 1> <Delay = 6.68> <FuncUnit> <Opcode : 'dadd' 'dsub'> <InPorts = 2> <OutPorts = 1>
ST_5 : Operation 52 [3/5] (6.68ns)   --->   "%tmp_2 = fsub double 1.000000e+00, %layer_output_load_2" [sigmoid/blank/sigmoid.c:12]   --->   Operation 52 'dsub' 'tmp_2' <Predicate = true> <Delay = 6.68> <Core = "DAddSub">   --->   Core 115 'DAddSub' <Latency = 4> <II = 1> <Delay = 6.68> <FuncUnit> <Opcode : 'dadd' 'dsub'> <InPorts = 2> <OutPorts = 1>
ST_5 : Operation 53 [3/5] (6.68ns)   --->   "%tmp_3 = fsub double 1.000000e+00, %layer_output_load_3" [sigmoid/blank/sigmoid.c:12]   --->   Operation 53 'dsub' 'tmp_3' <Predicate = true> <Delay = 6.68> <Core = "DAddSub">   --->   Core 115 'DAddSub' <Latency = 4> <II = 1> <Delay = 6.68> <FuncUnit> <Opcode : 'dadd' 'dsub'> <InPorts = 2> <OutPorts = 1>
ST_5 : Operation 54 [4/5] (6.68ns)   --->   "%tmp_4 = fsub double 1.000000e+00, %layer_output_load_4" [sigmoid/blank/sigmoid.c:12]   --->   Operation 54 'dsub' 'tmp_4' <Predicate = true> <Delay = 6.68> <Core = "DAddSub">   --->   Core 115 'DAddSub' <Latency = 4> <II = 1> <Delay = 6.68> <FuncUnit> <Opcode : 'dadd' 'dsub'> <InPorts = 2> <OutPorts = 1>
ST_5 : Operation 55 [4/5] (6.68ns)   --->   "%tmp_5 = fsub double 1.000000e+00, %layer_output_load_5" [sigmoid/blank/sigmoid.c:12]   --->   Operation 55 'dsub' 'tmp_5' <Predicate = true> <Delay = 6.68> <Core = "DAddSub">   --->   Core 115 'DAddSub' <Latency = 4> <II = 1> <Delay = 6.68> <FuncUnit> <Opcode : 'dadd' 'dsub'> <InPorts = 2> <OutPorts = 1>
ST_5 : Operation 56 [1/2] (1.56ns)   --->   "%layer_output_load_6 = load double* %layer_output_addr_6, align 8" [sigmoid/blank/sigmoid.c:12]   --->   Operation 56 'load' 'layer_output_load_6' <Predicate = true> <Delay = 1.56> <Core = "RAM">   --->   Core 37 'RAM' <Latency = 1> <II = 1> <Delay = 1.56> <Storage> <Opcode : 'load' 'store'> <Ports = 2> <Width = 64> <Depth = 8> <RAM>
ST_5 : Operation 57 [5/5] (6.68ns)   --->   "%tmp_6 = fsub double 1.000000e+00, %layer_output_load_6" [sigmoid/blank/sigmoid.c:12]   --->   Operation 57 'dsub' 'tmp_6' <Predicate = true> <Delay = 6.68> <Core = "DAddSub">   --->   Core 115 'DAddSub' <Latency = 4> <II = 1> <Delay = 6.68> <FuncUnit> <Opcode : 'dadd' 'dsub'> <InPorts = 2> <OutPorts = 1>
ST_5 : Operation 58 [1/2] (1.56ns)   --->   "%layer_output_load_7 = load double* %layer_output_addr_7, align 8" [sigmoid/blank/sigmoid.c:12]   --->   Operation 58 'load' 'layer_output_load_7' <Predicate = true> <Delay = 1.56> <Core = "RAM">   --->   Core 37 'RAM' <Latency = 1> <II = 1> <Delay = 1.56> <Storage> <Opcode : 'load' 'store'> <Ports = 2> <Width = 64> <Depth = 8> <RAM>
ST_5 : Operation 59 [5/5] (6.68ns)   --->   "%tmp_7 = fsub double 1.000000e+00, %layer_output_load_7" [sigmoid/blank/sigmoid.c:12]   --->   Operation 59 'dsub' 'tmp_7' <Predicate = true> <Delay = 6.68> <Core = "DAddSub">   --->   Core 115 'DAddSub' <Latency = 4> <II = 1> <Delay = 6.68> <FuncUnit> <Opcode : 'dadd' 'dsub'> <InPorts = 2> <OutPorts = 1>

State 6 <SV = 5> <Delay = 6.68>
ST_6 : Operation 60 [1/5] (6.68ns)   --->   "%tmp = fsub double 1.000000e+00, %layer_output_load" [sigmoid/blank/sigmoid.c:12]   --->   Operation 60 'dsub' 'tmp' <Predicate = true> <Delay = 6.68> <Core = "DAddSub">   --->   Core 115 'DAddSub' <Latency = 4> <II = 1> <Delay = 6.68> <FuncUnit> <Opcode : 'dadd' 'dsub'> <InPorts = 2> <OutPorts = 1>
ST_6 : Operation 61 [1/5] (6.68ns)   --->   "%tmp_s = fsub double 1.000000e+00, %layer_output_load_1" [sigmoid/blank/sigmoid.c:12]   --->   Operation 61 'dsub' 'tmp_s' <Predicate = true> <Delay = 6.68> <Core = "DAddSub">   --->   Core 115 'DAddSub' <Latency = 4> <II = 1> <Delay = 6.68> <FuncUnit> <Opcode : 'dadd' 'dsub'> <InPorts = 2> <OutPorts = 1>
ST_6 : Operation 62 [2/5] (6.68ns)   --->   "%tmp_2 = fsub double 1.000000e+00, %layer_output_load_2" [sigmoid/blank/sigmoid.c:12]   --->   Operation 62 'dsub' 'tmp_2' <Predicate = true> <Delay = 6.68> <Core = "DAddSub">   --->   Core 115 'DAddSub' <Latency = 4> <II = 1> <Delay = 6.68> <FuncUnit> <Opcode : 'dadd' 'dsub'> <InPorts = 2> <OutPorts = 1>
ST_6 : Operation 63 [2/5] (6.68ns)   --->   "%tmp_3 = fsub double 1.000000e+00, %layer_output_load_3" [sigmoid/blank/sigmoid.c:12]   --->   Operation 63 'dsub' 'tmp_3' <Predicate = true> <Delay = 6.68> <Core = "DAddSub">   --->   Core 115 'DAddSub' <Latency = 4> <II = 1> <Delay = 6.68> <FuncUnit> <Opcode : 'dadd' 'dsub'> <InPorts = 2> <OutPorts = 1>
ST_6 : Operation 64 [3/5] (6.68ns)   --->   "%tmp_4 = fsub double 1.000000e+00, %layer_output_load_4" [sigmoid/blank/sigmoid.c:12]   --->   Operation 64 'dsub' 'tmp_4' <Predicate = true> <Delay = 6.68> <Core = "DAddSub">   --->   Core 115 'DAddSub' <Latency = 4> <II = 1> <Delay = 6.68> <FuncUnit> <Opcode : 'dadd' 'dsub'> <InPorts = 2> <OutPorts = 1>
ST_6 : Operation 65 [3/5] (6.68ns)   --->   "%tmp_5 = fsub double 1.000000e+00, %layer_output_load_5" [sigmoid/blank/sigmoid.c:12]   --->   Operation 65 'dsub' 'tmp_5' <Predicate = true> <Delay = 6.68> <Core = "DAddSub">   --->   Core 115 'DAddSub' <Latency = 4> <II = 1> <Delay = 6.68> <FuncUnit> <Opcode : 'dadd' 'dsub'> <InPorts = 2> <OutPorts = 1>
ST_6 : Operation 66 [4/5] (6.68ns)   --->   "%tmp_6 = fsub double 1.000000e+00, %layer_output_load_6" [sigmoid/blank/sigmoid.c:12]   --->   Operation 66 'dsub' 'tmp_6' <Predicate = true> <Delay = 6.68> <Core = "DAddSub">   --->   Core 115 'DAddSub' <Latency = 4> <II = 1> <Delay = 6.68> <FuncUnit> <Opcode : 'dadd' 'dsub'> <InPorts = 2> <OutPorts = 1>
ST_6 : Operation 67 [4/5] (6.68ns)   --->   "%tmp_7 = fsub double 1.000000e+00, %layer_output_load_7" [sigmoid/blank/sigmoid.c:12]   --->   Operation 67 'dsub' 'tmp_7' <Predicate = true> <Delay = 6.68> <Core = "DAddSub">   --->   Core 115 'DAddSub' <Latency = 4> <II = 1> <Delay = 6.68> <FuncUnit> <Opcode : 'dadd' 'dsub'> <InPorts = 2> <OutPorts = 1>

State 7 <SV = 6> <Delay = 7.35>
ST_7 : Operation 68 [5/5] (7.35ns)   --->   "%tmp_1 = fmul double %layer_output_load, %tmp" [sigmoid/blank/sigmoid.c:12]   --->   Operation 68 'dmul' 'tmp_1' <Predicate = true> <Delay = 7.35> <Core = "DMul">   --->   Core 116 'DMul' <Latency = 4> <II = 1> <Delay = 7.35> <FuncUnit> <Opcode : 'dmul'> <InPorts = 2> <OutPorts = 1>
ST_7 : Operation 69 [5/5] (7.35ns)   --->   "%tmp_1_1 = fmul double %layer_output_load_1, %tmp_s" [sigmoid/blank/sigmoid.c:12]   --->   Operation 69 'dmul' 'tmp_1_1' <Predicate = true> <Delay = 7.35> <Core = "DMul">   --->   Core 116 'DMul' <Latency = 4> <II = 1> <Delay = 7.35> <FuncUnit> <Opcode : 'dmul'> <InPorts = 2> <OutPorts = 1>
ST_7 : Operation 70 [1/5] (6.68ns)   --->   "%tmp_2 = fsub double 1.000000e+00, %layer_output_load_2" [sigmoid/blank/sigmoid.c:12]   --->   Operation 70 'dsub' 'tmp_2' <Predicate = true> <Delay = 6.68> <Core = "DAddSub">   --->   Core 115 'DAddSub' <Latency = 4> <II = 1> <Delay = 6.68> <FuncUnit> <Opcode : 'dadd' 'dsub'> <InPorts = 2> <OutPorts = 1>
ST_7 : Operation 71 [1/5] (6.68ns)   --->   "%tmp_3 = fsub double 1.000000e+00, %layer_output_load_3" [sigmoid/blank/sigmoid.c:12]   --->   Operation 71 'dsub' 'tmp_3' <Predicate = true> <Delay = 6.68> <Core = "DAddSub">   --->   Core 115 'DAddSub' <Latency = 4> <II = 1> <Delay = 6.68> <FuncUnit> <Opcode : 'dadd' 'dsub'> <InPorts = 2> <OutPorts = 1>
ST_7 : Operation 72 [2/5] (6.68ns)   --->   "%tmp_4 = fsub double 1.000000e+00, %layer_output_load_4" [sigmoid/blank/sigmoid.c:12]   --->   Operation 72 'dsub' 'tmp_4' <Predicate = true> <Delay = 6.68> <Core = "DAddSub">   --->   Core 115 'DAddSub' <Latency = 4> <II = 1> <Delay = 6.68> <FuncUnit> <Opcode : 'dadd' 'dsub'> <InPorts = 2> <OutPorts = 1>
ST_7 : Operation 73 [2/5] (6.68ns)   --->   "%tmp_5 = fsub double 1.000000e+00, %layer_output_load_5" [sigmoid/blank/sigmoid.c:12]   --->   Operation 73 'dsub' 'tmp_5' <Predicate = true> <Delay = 6.68> <Core = "DAddSub">   --->   Core 115 'DAddSub' <Latency = 4> <II = 1> <Delay = 6.68> <FuncUnit> <Opcode : 'dadd' 'dsub'> <InPorts = 2> <OutPorts = 1>
ST_7 : Operation 74 [3/5] (6.68ns)   --->   "%tmp_6 = fsub double 1.000000e+00, %layer_output_load_6" [sigmoid/blank/sigmoid.c:12]   --->   Operation 74 'dsub' 'tmp_6' <Predicate = true> <Delay = 6.68> <Core = "DAddSub">   --->   Core 115 'DAddSub' <Latency = 4> <II = 1> <Delay = 6.68> <FuncUnit> <Opcode : 'dadd' 'dsub'> <InPorts = 2> <OutPorts = 1>
ST_7 : Operation 75 [3/5] (6.68ns)   --->   "%tmp_7 = fsub double 1.000000e+00, %layer_output_load_7" [sigmoid/blank/sigmoid.c:12]   --->   Operation 75 'dsub' 'tmp_7' <Predicate = true> <Delay = 6.68> <Core = "DAddSub">   --->   Core 115 'DAddSub' <Latency = 4> <II = 1> <Delay = 6.68> <FuncUnit> <Opcode : 'dadd' 'dsub'> <InPorts = 2> <OutPorts = 1>

State 8 <SV = 7> <Delay = 7.35>
ST_8 : Operation 76 [4/5] (7.35ns)   --->   "%tmp_1 = fmul double %layer_output_load, %tmp" [sigmoid/blank/sigmoid.c:12]   --->   Operation 76 'dmul' 'tmp_1' <Predicate = true> <Delay = 7.35> <Core = "DMul">   --->   Core 116 'DMul' <Latency = 4> <II = 1> <Delay = 7.35> <FuncUnit> <Opcode : 'dmul'> <InPorts = 2> <OutPorts = 1>
ST_8 : Operation 77 [4/5] (7.35ns)   --->   "%tmp_1_1 = fmul double %layer_output_load_1, %tmp_s" [sigmoid/blank/sigmoid.c:12]   --->   Operation 77 'dmul' 'tmp_1_1' <Predicate = true> <Delay = 7.35> <Core = "DMul">   --->   Core 116 'DMul' <Latency = 4> <II = 1> <Delay = 7.35> <FuncUnit> <Opcode : 'dmul'> <InPorts = 2> <OutPorts = 1>
ST_8 : Operation 78 [5/5] (7.35ns)   --->   "%tmp_1_2 = fmul double %layer_output_load_2, %tmp_2" [sigmoid/blank/sigmoid.c:12]   --->   Operation 78 'dmul' 'tmp_1_2' <Predicate = true> <Delay = 7.35> <Core = "DMul">   --->   Core 116 'DMul' <Latency = 4> <II = 1> <Delay = 7.35> <FuncUnit> <Opcode : 'dmul'> <InPorts = 2> <OutPorts = 1>
ST_8 : Operation 79 [5/5] (7.35ns)   --->   "%tmp_1_3 = fmul double %layer_output_load_3, %tmp_3" [sigmoid/blank/sigmoid.c:12]   --->   Operation 79 'dmul' 'tmp_1_3' <Predicate = true> <Delay = 7.35> <Core = "DMul">   --->   Core 116 'DMul' <Latency = 4> <II = 1> <Delay = 7.35> <FuncUnit> <Opcode : 'dmul'> <InPorts = 2> <OutPorts = 1>
ST_8 : Operation 80 [1/5] (6.68ns)   --->   "%tmp_4 = fsub double 1.000000e+00, %layer_output_load_4" [sigmoid/blank/sigmoid.c:12]   --->   Operation 80 'dsub' 'tmp_4' <Predicate = true> <Delay = 6.68> <Core = "DAddSub">   --->   Core 115 'DAddSub' <Latency = 4> <II = 1> <Delay = 6.68> <FuncUnit> <Opcode : 'dadd' 'dsub'> <InPorts = 2> <OutPorts = 1>
ST_8 : Operation 81 [1/5] (6.68ns)   --->   "%tmp_5 = fsub double 1.000000e+00, %layer_output_load_5" [sigmoid/blank/sigmoid.c:12]   --->   Operation 81 'dsub' 'tmp_5' <Predicate = true> <Delay = 6.68> <Core = "DAddSub">   --->   Core 115 'DAddSub' <Latency = 4> <II = 1> <Delay = 6.68> <FuncUnit> <Opcode : 'dadd' 'dsub'> <InPorts = 2> <OutPorts = 1>
ST_8 : Operation 82 [2/5] (6.68ns)   --->   "%tmp_6 = fsub double 1.000000e+00, %layer_output_load_6" [sigmoid/blank/sigmoid.c:12]   --->   Operation 82 'dsub' 'tmp_6' <Predicate = true> <Delay = 6.68> <Core = "DAddSub">   --->   Core 115 'DAddSub' <Latency = 4> <II = 1> <Delay = 6.68> <FuncUnit> <Opcode : 'dadd' 'dsub'> <InPorts = 2> <OutPorts = 1>
ST_8 : Operation 83 [2/5] (6.68ns)   --->   "%tmp_7 = fsub double 1.000000e+00, %layer_output_load_7" [sigmoid/blank/sigmoid.c:12]   --->   Operation 83 'dsub' 'tmp_7' <Predicate = true> <Delay = 6.68> <Core = "DAddSub">   --->   Core 115 'DAddSub' <Latency = 4> <II = 1> <Delay = 6.68> <FuncUnit> <Opcode : 'dadd' 'dsub'> <InPorts = 2> <OutPorts = 1>

State 9 <SV = 8> <Delay = 7.35>
ST_9 : Operation 84 [3/5] (7.35ns)   --->   "%tmp_1 = fmul double %layer_output_load, %tmp" [sigmoid/blank/sigmoid.c:12]   --->   Operation 84 'dmul' 'tmp_1' <Predicate = true> <Delay = 7.35> <Core = "DMul">   --->   Core 116 'DMul' <Latency = 4> <II = 1> <Delay = 7.35> <FuncUnit> <Opcode : 'dmul'> <InPorts = 2> <OutPorts = 1>
ST_9 : Operation 85 [3/5] (7.35ns)   --->   "%tmp_1_1 = fmul double %layer_output_load_1, %tmp_s" [sigmoid/blank/sigmoid.c:12]   --->   Operation 85 'dmul' 'tmp_1_1' <Predicate = true> <Delay = 7.35> <Core = "DMul">   --->   Core 116 'DMul' <Latency = 4> <II = 1> <Delay = 7.35> <FuncUnit> <Opcode : 'dmul'> <InPorts = 2> <OutPorts = 1>
ST_9 : Operation 86 [4/5] (7.35ns)   --->   "%tmp_1_2 = fmul double %layer_output_load_2, %tmp_2" [sigmoid/blank/sigmoid.c:12]   --->   Operation 86 'dmul' 'tmp_1_2' <Predicate = true> <Delay = 7.35> <Core = "DMul">   --->   Core 116 'DMul' <Latency = 4> <II = 1> <Delay = 7.35> <FuncUnit> <Opcode : 'dmul'> <InPorts = 2> <OutPorts = 1>
ST_9 : Operation 87 [4/5] (7.35ns)   --->   "%tmp_1_3 = fmul double %layer_output_load_3, %tmp_3" [sigmoid/blank/sigmoid.c:12]   --->   Operation 87 'dmul' 'tmp_1_3' <Predicate = true> <Delay = 7.35> <Core = "DMul">   --->   Core 116 'DMul' <Latency = 4> <II = 1> <Delay = 7.35> <FuncUnit> <Opcode : 'dmul'> <InPorts = 2> <OutPorts = 1>
ST_9 : Operation 88 [5/5] (7.35ns)   --->   "%tmp_1_4 = fmul double %layer_output_load_4, %tmp_4" [sigmoid/blank/sigmoid.c:12]   --->   Operation 88 'dmul' 'tmp_1_4' <Predicate = true> <Delay = 7.35> <Core = "DMul">   --->   Core 116 'DMul' <Latency = 4> <II = 1> <Delay = 7.35> <FuncUnit> <Opcode : 'dmul'> <InPorts = 2> <OutPorts = 1>
ST_9 : Operation 89 [5/5] (7.35ns)   --->   "%tmp_1_5 = fmul double %layer_output_load_5, %tmp_5" [sigmoid/blank/sigmoid.c:12]   --->   Operation 89 'dmul' 'tmp_1_5' <Predicate = true> <Delay = 7.35> <Core = "DMul">   --->   Core 116 'DMul' <Latency = 4> <II = 1> <Delay = 7.35> <FuncUnit> <Opcode : 'dmul'> <InPorts = 2> <OutPorts = 1>
ST_9 : Operation 90 [1/5] (6.68ns)   --->   "%tmp_6 = fsub double 1.000000e+00, %layer_output_load_6" [sigmoid/blank/sigmoid.c:12]   --->   Operation 90 'dsub' 'tmp_6' <Predicate = true> <Delay = 6.68> <Core = "DAddSub">   --->   Core 115 'DAddSub' <Latency = 4> <II = 1> <Delay = 6.68> <FuncUnit> <Opcode : 'dadd' 'dsub'> <InPorts = 2> <OutPorts = 1>
ST_9 : Operation 91 [1/5] (6.68ns)   --->   "%tmp_7 = fsub double 1.000000e+00, %layer_output_load_7" [sigmoid/blank/sigmoid.c:12]   --->   Operation 91 'dsub' 'tmp_7' <Predicate = true> <Delay = 6.68> <Core = "DAddSub">   --->   Core 115 'DAddSub' <Latency = 4> <II = 1> <Delay = 6.68> <FuncUnit> <Opcode : 'dadd' 'dsub'> <InPorts = 2> <OutPorts = 1>

State 10 <SV = 9> <Delay = 7.35>
ST_10 : Operation 92 [2/5] (7.35ns)   --->   "%tmp_1 = fmul double %layer_output_load, %tmp" [sigmoid/blank/sigmoid.c:12]   --->   Operation 92 'dmul' 'tmp_1' <Predicate = true> <Delay = 7.35> <Core = "DMul">   --->   Core 116 'DMul' <Latency = 4> <II = 1> <Delay = 7.35> <FuncUnit> <Opcode : 'dmul'> <InPorts = 2> <OutPorts = 1>
ST_10 : Operation 93 [2/5] (7.35ns)   --->   "%tmp_1_1 = fmul double %layer_output_load_1, %tmp_s" [sigmoid/blank/sigmoid.c:12]   --->   Operation 93 'dmul' 'tmp_1_1' <Predicate = true> <Delay = 7.35> <Core = "DMul">   --->   Core 116 'DMul' <Latency = 4> <II = 1> <Delay = 7.35> <FuncUnit> <Opcode : 'dmul'> <InPorts = 2> <OutPorts = 1>
ST_10 : Operation 94 [3/5] (7.35ns)   --->   "%tmp_1_2 = fmul double %layer_output_load_2, %tmp_2" [sigmoid/blank/sigmoid.c:12]   --->   Operation 94 'dmul' 'tmp_1_2' <Predicate = true> <Delay = 7.35> <Core = "DMul">   --->   Core 116 'DMul' <Latency = 4> <II = 1> <Delay = 7.35> <FuncUnit> <Opcode : 'dmul'> <InPorts = 2> <OutPorts = 1>
ST_10 : Operation 95 [3/5] (7.35ns)   --->   "%tmp_1_3 = fmul double %layer_output_load_3, %tmp_3" [sigmoid/blank/sigmoid.c:12]   --->   Operation 95 'dmul' 'tmp_1_3' <Predicate = true> <Delay = 7.35> <Core = "DMul">   --->   Core 116 'DMul' <Latency = 4> <II = 1> <Delay = 7.35> <FuncUnit> <Opcode : 'dmul'> <InPorts = 2> <OutPorts = 1>
ST_10 : Operation 96 [4/5] (7.35ns)   --->   "%tmp_1_4 = fmul double %layer_output_load_4, %tmp_4" [sigmoid/blank/sigmoid.c:12]   --->   Operation 96 'dmul' 'tmp_1_4' <Predicate = true> <Delay = 7.35> <Core = "DMul">   --->   Core 116 'DMul' <Latency = 4> <II = 1> <Delay = 7.35> <FuncUnit> <Opcode : 'dmul'> <InPorts = 2> <OutPorts = 1>
ST_10 : Operation 97 [4/5] (7.35ns)   --->   "%tmp_1_5 = fmul double %layer_output_load_5, %tmp_5" [sigmoid/blank/sigmoid.c:12]   --->   Operation 97 'dmul' 'tmp_1_5' <Predicate = true> <Delay = 7.35> <Core = "DMul">   --->   Core 116 'DMul' <Latency = 4> <II = 1> <Delay = 7.35> <FuncUnit> <Opcode : 'dmul'> <InPorts = 2> <OutPorts = 1>
ST_10 : Operation 98 [5/5] (7.35ns)   --->   "%tmp_1_6 = fmul double %layer_output_load_6, %tmp_6" [sigmoid/blank/sigmoid.c:12]   --->   Operation 98 'dmul' 'tmp_1_6' <Predicate = true> <Delay = 7.35> <Core = "DMul">   --->   Core 116 'DMul' <Latency = 4> <II = 1> <Delay = 7.35> <FuncUnit> <Opcode : 'dmul'> <InPorts = 2> <OutPorts = 1>
ST_10 : Operation 99 [5/5] (7.35ns)   --->   "%tmp_1_7 = fmul double %layer_output_load_7, %tmp_7" [sigmoid/blank/sigmoid.c:12]   --->   Operation 99 'dmul' 'tmp_1_7' <Predicate = true> <Delay = 7.35> <Core = "DMul">   --->   Core 116 'DMul' <Latency = 4> <II = 1> <Delay = 7.35> <FuncUnit> <Opcode : 'dmul'> <InPorts = 2> <OutPorts = 1>

State 11 <SV = 10> <Delay = 7.35>
ST_11 : Operation 100 [1/5] (7.35ns)   --->   "%tmp_1 = fmul double %layer_output_load, %tmp" [sigmoid/blank/sigmoid.c:12]   --->   Operation 100 'dmul' 'tmp_1' <Predicate = true> <Delay = 7.35> <Core = "DMul">   --->   Core 116 'DMul' <Latency = 4> <II = 1> <Delay = 7.35> <FuncUnit> <Opcode : 'dmul'> <InPorts = 2> <OutPorts = 1>
ST_11 : Operation 101 [1/5] (7.35ns)   --->   "%tmp_1_1 = fmul double %layer_output_load_1, %tmp_s" [sigmoid/blank/sigmoid.c:12]   --->   Operation 101 'dmul' 'tmp_1_1' <Predicate = true> <Delay = 7.35> <Core = "DMul">   --->   Core 116 'DMul' <Latency = 4> <II = 1> <Delay = 7.35> <FuncUnit> <Opcode : 'dmul'> <InPorts = 2> <OutPorts = 1>
ST_11 : Operation 102 [2/5] (7.35ns)   --->   "%tmp_1_2 = fmul double %layer_output_load_2, %tmp_2" [sigmoid/blank/sigmoid.c:12]   --->   Operation 102 'dmul' 'tmp_1_2' <Predicate = true> <Delay = 7.35> <Core = "DMul">   --->   Core 116 'DMul' <Latency = 4> <II = 1> <Delay = 7.35> <FuncUnit> <Opcode : 'dmul'> <InPorts = 2> <OutPorts = 1>
ST_11 : Operation 103 [2/5] (7.35ns)   --->   "%tmp_1_3 = fmul double %layer_output_load_3, %tmp_3" [sigmoid/blank/sigmoid.c:12]   --->   Operation 103 'dmul' 'tmp_1_3' <Predicate = true> <Delay = 7.35> <Core = "DMul">   --->   Core 116 'DMul' <Latency = 4> <II = 1> <Delay = 7.35> <FuncUnit> <Opcode : 'dmul'> <InPorts = 2> <OutPorts = 1>
ST_11 : Operation 104 [3/5] (7.35ns)   --->   "%tmp_1_4 = fmul double %layer_output_load_4, %tmp_4" [sigmoid/blank/sigmoid.c:12]   --->   Operation 104 'dmul' 'tmp_1_4' <Predicate = true> <Delay = 7.35> <Core = "DMul">   --->   Core 116 'DMul' <Latency = 4> <II = 1> <Delay = 7.35> <FuncUnit> <Opcode : 'dmul'> <InPorts = 2> <OutPorts = 1>
ST_11 : Operation 105 [3/5] (7.35ns)   --->   "%tmp_1_5 = fmul double %layer_output_load_5, %tmp_5" [sigmoid/blank/sigmoid.c:12]   --->   Operation 105 'dmul' 'tmp_1_5' <Predicate = true> <Delay = 7.35> <Core = "DMul">   --->   Core 116 'DMul' <Latency = 4> <II = 1> <Delay = 7.35> <FuncUnit> <Opcode : 'dmul'> <InPorts = 2> <OutPorts = 1>
ST_11 : Operation 106 [4/5] (7.35ns)   --->   "%tmp_1_6 = fmul double %layer_output_load_6, %tmp_6" [sigmoid/blank/sigmoid.c:12]   --->   Operation 106 'dmul' 'tmp_1_6' <Predicate = true> <Delay = 7.35> <Core = "DMul">   --->   Core 116 'DMul' <Latency = 4> <II = 1> <Delay = 7.35> <FuncUnit> <Opcode : 'dmul'> <InPorts = 2> <OutPorts = 1>
ST_11 : Operation 107 [4/5] (7.35ns)   --->   "%tmp_1_7 = fmul double %layer_output_load_7, %tmp_7" [sigmoid/blank/sigmoid.c:12]   --->   Operation 107 'dmul' 'tmp_1_7' <Predicate = true> <Delay = 7.35> <Core = "DMul">   --->   Core 116 'DMul' <Latency = 4> <II = 1> <Delay = 7.35> <FuncUnit> <Opcode : 'dmul'> <InPorts = 2> <OutPorts = 1>

State 12 <SV = 11> <Delay = 7.35>
ST_12 : Operation 108 [1/1] (0.00ns)   --->   "%layer_derivative_add = getelementptr [8 x double]* %layer_derivative, i64 0, i64 0" [sigmoid/blank/sigmoid.c:12]   --->   Operation 108 'getelementptr' 'layer_derivative_add' <Predicate = true> <Delay = 0.00>
ST_12 : Operation 109 [1/1] (1.56ns)   --->   "store double %tmp_1, double* %layer_derivative_add, align 8" [sigmoid/blank/sigmoid.c:12]   --->   Operation 109 'store' <Predicate = true> <Delay = 1.56> <Core = "RAM">   --->   Core 37 'RAM' <Latency = 1> <II = 1> <Delay = 1.56> <Storage> <Opcode : 'load' 'store'> <Ports = 2> <Width = 64> <Depth = 8> <RAM>
ST_12 : Operation 110 [1/1] (0.00ns)   --->   "%layer_derivative_add_1 = getelementptr [8 x double]* %layer_derivative, i64 0, i64 1" [sigmoid/blank/sigmoid.c:12]   --->   Operation 110 'getelementptr' 'layer_derivative_add_1' <Predicate = true> <Delay = 0.00>
ST_12 : Operation 111 [1/1] (1.56ns)   --->   "store double %tmp_1_1, double* %layer_derivative_add_1, align 8" [sigmoid/blank/sigmoid.c:12]   --->   Operation 111 'store' <Predicate = true> <Delay = 1.56> <Core = "RAM">   --->   Core 37 'RAM' <Latency = 1> <II = 1> <Delay = 1.56> <Storage> <Opcode : 'load' 'store'> <Ports = 2> <Width = 64> <Depth = 8> <RAM>
ST_12 : Operation 112 [1/5] (7.35ns)   --->   "%tmp_1_2 = fmul double %layer_output_load_2, %tmp_2" [sigmoid/blank/sigmoid.c:12]   --->   Operation 112 'dmul' 'tmp_1_2' <Predicate = true> <Delay = 7.35> <Core = "DMul">   --->   Core 116 'DMul' <Latency = 4> <II = 1> <Delay = 7.35> <FuncUnit> <Opcode : 'dmul'> <InPorts = 2> <OutPorts = 1>
ST_12 : Operation 113 [1/5] (7.35ns)   --->   "%tmp_1_3 = fmul double %layer_output_load_3, %tmp_3" [sigmoid/blank/sigmoid.c:12]   --->   Operation 113 'dmul' 'tmp_1_3' <Predicate = true> <Delay = 7.35> <Core = "DMul">   --->   Core 116 'DMul' <Latency = 4> <II = 1> <Delay = 7.35> <FuncUnit> <Opcode : 'dmul'> <InPorts = 2> <OutPorts = 1>
ST_12 : Operation 114 [2/5] (7.35ns)   --->   "%tmp_1_4 = fmul double %layer_output_load_4, %tmp_4" [sigmoid/blank/sigmoid.c:12]   --->   Operation 114 'dmul' 'tmp_1_4' <Predicate = true> <Delay = 7.35> <Core = "DMul">   --->   Core 116 'DMul' <Latency = 4> <II = 1> <Delay = 7.35> <FuncUnit> <Opcode : 'dmul'> <InPorts = 2> <OutPorts = 1>
ST_12 : Operation 115 [2/5] (7.35ns)   --->   "%tmp_1_5 = fmul double %layer_output_load_5, %tmp_5" [sigmoid/blank/sigmoid.c:12]   --->   Operation 115 'dmul' 'tmp_1_5' <Predicate = true> <Delay = 7.35> <Core = "DMul">   --->   Core 116 'DMul' <Latency = 4> <II = 1> <Delay = 7.35> <FuncUnit> <Opcode : 'dmul'> <InPorts = 2> <OutPorts = 1>
ST_12 : Operation 116 [3/5] (7.35ns)   --->   "%tmp_1_6 = fmul double %layer_output_load_6, %tmp_6" [sigmoid/blank/sigmoid.c:12]   --->   Operation 116 'dmul' 'tmp_1_6' <Predicate = true> <Delay = 7.35> <Core = "DMul">   --->   Core 116 'DMul' <Latency = 4> <II = 1> <Delay = 7.35> <FuncUnit> <Opcode : 'dmul'> <InPorts = 2> <OutPorts = 1>
ST_12 : Operation 117 [3/5] (7.35ns)   --->   "%tmp_1_7 = fmul double %layer_output_load_7, %tmp_7" [sigmoid/blank/sigmoid.c:12]   --->   Operation 117 'dmul' 'tmp_1_7' <Predicate = true> <Delay = 7.35> <Core = "DMul">   --->   Core 116 'DMul' <Latency = 4> <II = 1> <Delay = 7.35> <FuncUnit> <Opcode : 'dmul'> <InPorts = 2> <OutPorts = 1>

State 13 <SV = 12> <Delay = 7.35>
ST_13 : Operation 118 [1/1] (0.00ns)   --->   "%layer_derivative_add_2 = getelementptr [8 x double]* %layer_derivative, i64 0, i64 2" [sigmoid/blank/sigmoid.c:12]   --->   Operation 118 'getelementptr' 'layer_derivative_add_2' <Predicate = true> <Delay = 0.00>
ST_13 : Operation 119 [1/1] (1.56ns)   --->   "store double %tmp_1_2, double* %layer_derivative_add_2, align 8" [sigmoid/blank/sigmoid.c:12]   --->   Operation 119 'store' <Predicate = true> <Delay = 1.56> <Core = "RAM">   --->   Core 37 'RAM' <Latency = 1> <II = 1> <Delay = 1.56> <Storage> <Opcode : 'load' 'store'> <Ports = 2> <Width = 64> <Depth = 8> <RAM>
ST_13 : Operation 120 [1/1] (0.00ns)   --->   "%layer_derivative_add_3 = getelementptr [8 x double]* %layer_derivative, i64 0, i64 3" [sigmoid/blank/sigmoid.c:12]   --->   Operation 120 'getelementptr' 'layer_derivative_add_3' <Predicate = true> <Delay = 0.00>
ST_13 : Operation 121 [1/1] (1.56ns)   --->   "store double %tmp_1_3, double* %layer_derivative_add_3, align 8" [sigmoid/blank/sigmoid.c:12]   --->   Operation 121 'store' <Predicate = true> <Delay = 1.56> <Core = "RAM">   --->   Core 37 'RAM' <Latency = 1> <II = 1> <Delay = 1.56> <Storage> <Opcode : 'load' 'store'> <Ports = 2> <Width = 64> <Depth = 8> <RAM>
ST_13 : Operation 122 [1/5] (7.35ns)   --->   "%tmp_1_4 = fmul double %layer_output_load_4, %tmp_4" [sigmoid/blank/sigmoid.c:12]   --->   Operation 122 'dmul' 'tmp_1_4' <Predicate = true> <Delay = 7.35> <Core = "DMul">   --->   Core 116 'DMul' <Latency = 4> <II = 1> <Delay = 7.35> <FuncUnit> <Opcode : 'dmul'> <InPorts = 2> <OutPorts = 1>
ST_13 : Operation 123 [1/5] (7.35ns)   --->   "%tmp_1_5 = fmul double %layer_output_load_5, %tmp_5" [sigmoid/blank/sigmoid.c:12]   --->   Operation 123 'dmul' 'tmp_1_5' <Predicate = true> <Delay = 7.35> <Core = "DMul">   --->   Core 116 'DMul' <Latency = 4> <II = 1> <Delay = 7.35> <FuncUnit> <Opcode : 'dmul'> <InPorts = 2> <OutPorts = 1>
ST_13 : Operation 124 [2/5] (7.35ns)   --->   "%tmp_1_6 = fmul double %layer_output_load_6, %tmp_6" [sigmoid/blank/sigmoid.c:12]   --->   Operation 124 'dmul' 'tmp_1_6' <Predicate = true> <Delay = 7.35> <Core = "DMul">   --->   Core 116 'DMul' <Latency = 4> <II = 1> <Delay = 7.35> <FuncUnit> <Opcode : 'dmul'> <InPorts = 2> <OutPorts = 1>
ST_13 : Operation 125 [2/5] (7.35ns)   --->   "%tmp_1_7 = fmul double %layer_output_load_7, %tmp_7" [sigmoid/blank/sigmoid.c:12]   --->   Operation 125 'dmul' 'tmp_1_7' <Predicate = true> <Delay = 7.35> <Core = "DMul">   --->   Core 116 'DMul' <Latency = 4> <II = 1> <Delay = 7.35> <FuncUnit> <Opcode : 'dmul'> <InPorts = 2> <OutPorts = 1>

State 14 <SV = 13> <Delay = 7.35>
ST_14 : Operation 126 [1/1] (0.00ns)   --->   "%layer_derivative_add_4 = getelementptr [8 x double]* %layer_derivative, i64 0, i64 4" [sigmoid/blank/sigmoid.c:12]   --->   Operation 126 'getelementptr' 'layer_derivative_add_4' <Predicate = true> <Delay = 0.00>
ST_14 : Operation 127 [1/1] (1.56ns)   --->   "store double %tmp_1_4, double* %layer_derivative_add_4, align 8" [sigmoid/blank/sigmoid.c:12]   --->   Operation 127 'store' <Predicate = true> <Delay = 1.56> <Core = "RAM">   --->   Core 37 'RAM' <Latency = 1> <II = 1> <Delay = 1.56> <Storage> <Opcode : 'load' 'store'> <Ports = 2> <Width = 64> <Depth = 8> <RAM>
ST_14 : Operation 128 [1/1] (0.00ns)   --->   "%layer_derivative_add_5 = getelementptr [8 x double]* %layer_derivative, i64 0, i64 5" [sigmoid/blank/sigmoid.c:12]   --->   Operation 128 'getelementptr' 'layer_derivative_add_5' <Predicate = true> <Delay = 0.00>
ST_14 : Operation 129 [1/1] (1.56ns)   --->   "store double %tmp_1_5, double* %layer_derivative_add_5, align 8" [sigmoid/blank/sigmoid.c:12]   --->   Operation 129 'store' <Predicate = true> <Delay = 1.56> <Core = "RAM">   --->   Core 37 'RAM' <Latency = 1> <II = 1> <Delay = 1.56> <Storage> <Opcode : 'load' 'store'> <Ports = 2> <Width = 64> <Depth = 8> <RAM>
ST_14 : Operation 130 [1/5] (7.35ns)   --->   "%tmp_1_6 = fmul double %layer_output_load_6, %tmp_6" [sigmoid/blank/sigmoid.c:12]   --->   Operation 130 'dmul' 'tmp_1_6' <Predicate = true> <Delay = 7.35> <Core = "DMul">   --->   Core 116 'DMul' <Latency = 4> <II = 1> <Delay = 7.35> <FuncUnit> <Opcode : 'dmul'> <InPorts = 2> <OutPorts = 1>
ST_14 : Operation 131 [1/5] (7.35ns)   --->   "%tmp_1_7 = fmul double %layer_output_load_7, %tmp_7" [sigmoid/blank/sigmoid.c:12]   --->   Operation 131 'dmul' 'tmp_1_7' <Predicate = true> <Delay = 7.35> <Core = "DMul">   --->   Core 116 'DMul' <Latency = 4> <II = 1> <Delay = 7.35> <FuncUnit> <Opcode : 'dmul'> <InPorts = 2> <OutPorts = 1>

State 15 <SV = 14> <Delay = 1.56>
ST_15 : Operation 132 [1/1] (0.00ns)   --->   "call void (...)* @_ssdm_op_SpecBitsMap([8 x double]* %layer_input) nounwind, !map !7"   --->   Operation 132 'specbitsmap' <Predicate = true> <Delay = 0.00>
ST_15 : Operation 133 [1/1] (0.00ns)   --->   "call void (...)* @_ssdm_op_SpecBitsMap([8 x double]* %layer_output) nounwind, !map !13"   --->   Operation 133 'specbitsmap' <Predicate = true> <Delay = 0.00>
ST_15 : Operation 134 [1/1] (0.00ns)   --->   "call void (...)* @_ssdm_op_SpecBitsMap([8 x double]* %layer_derivative) nounwind, !map !17"   --->   Operation 134 'specbitsmap' <Predicate = true> <Delay = 0.00>
ST_15 : Operation 135 [1/1] (0.00ns)   --->   "call void (...)* @_ssdm_op_SpecTopModule([10 x i8]* @d_sigmoid_str) nounwind"   --->   Operation 135 'spectopmodule' <Predicate = true> <Delay = 0.00>
ST_15 : Operation 136 [1/1] (0.00ns)   --->   "%layer_derivative_add_6 = getelementptr [8 x double]* %layer_derivative, i64 0, i64 6" [sigmoid/blank/sigmoid.c:12]   --->   Operation 136 'getelementptr' 'layer_derivative_add_6' <Predicate = true> <Delay = 0.00>
ST_15 : Operation 137 [1/1] (1.56ns)   --->   "store double %tmp_1_6, double* %layer_derivative_add_6, align 8" [sigmoid/blank/sigmoid.c:12]   --->   Operation 137 'store' <Predicate = true> <Delay = 1.56> <Core = "RAM">   --->   Core 37 'RAM' <Latency = 1> <II = 1> <Delay = 1.56> <Storage> <Opcode : 'load' 'store'> <Ports = 2> <Width = 64> <Depth = 8> <RAM>
ST_15 : Operation 138 [1/1] (0.00ns)   --->   "%layer_derivative_add_7 = getelementptr [8 x double]* %layer_derivative, i64 0, i64 7" [sigmoid/blank/sigmoid.c:12]   --->   Operation 138 'getelementptr' 'layer_derivative_add_7' <Predicate = true> <Delay = 0.00>
ST_15 : Operation 139 [1/1] (1.56ns)   --->   "store double %tmp_1_7, double* %layer_derivative_add_7, align 8" [sigmoid/blank/sigmoid.c:12]   --->   Operation 139 'store' <Predicate = true> <Delay = 1.56> <Core = "RAM">   --->   Core 37 'RAM' <Latency = 1> <II = 1> <Delay = 1.56> <Storage> <Opcode : 'load' 'store'> <Ports = 2> <Width = 64> <Depth = 8> <RAM>
ST_15 : Operation 140 [1/1] (0.00ns)   --->   "ret void" [sigmoid/blank/sigmoid.c:13]   --->   Operation 140 'ret' <Predicate = true> <Delay = 0.00>


============================================================
+ Verbose Summary: Binding
============================================================
STG Binding: 
---------------- STG Properties BEGIN ----------------
- Is combinational: 0
- Is one-state seq: 0
- Is datapath-only: 0
- Is pipelined: 0
- Is top level: 1
Port [ Return ] is wired: 1; IO mode=ap_ctrl_hs:ce=0
Port [ layer_input]:  wired=1; compound=1; hidden=0; nouse=1; global=0; static=0; extern=0; dir=3; type=1; pingpong=0; private_global=0; MemPort=[]; IO mode=ap_memory:ce=0
Port [ layer_output]:  wired=1; compound=1; hidden=0; nouse=0; global=0; static=0; extern=0; dir=0; type=1; pingpong=0; private_global=0; MemPort=[11]; IO mode=ap_memory:ce=0
Port [ layer_derivative]:  wired=1; compound=1; hidden=0; nouse=0; global=0; static=0; extern=0; dir=1; type=1; pingpong=0; private_global=0; MemPort=[00]; IO mode=ap_memory:ce=0
---------------- STG Properties END ------------------

---------------- Datapath Model BEGIN ----------------

<LifeTime>
<method=bitvector/>
layer_output_addr      (getelementptr) [ 0010000000000000]
layer_output_addr_1    (getelementptr) [ 0010000000000000]
layer_output_load      (load         ) [ 0001111111110000]
layer_output_load_1    (load         ) [ 0001111111110000]
layer_output_addr_2    (getelementptr) [ 0001000000000000]
layer_output_addr_3    (getelementptr) [ 0001000000000000]
layer_output_load_2    (load         ) [ 0000111111111000]
layer_output_load_3    (load         ) [ 0000111111111000]
layer_output_addr_4    (getelementptr) [ 0000100000000000]
layer_output_addr_5    (getelementptr) [ 0000100000000000]
layer_output_load_4    (load         ) [ 0000011111111100]
layer_output_load_5    (load         ) [ 0000011111111100]
layer_output_addr_6    (getelementptr) [ 0000010000000000]
layer_output_addr_7    (getelementptr) [ 0000010000000000]
layer_output_load_6    (load         ) [ 0000001111111110]
layer_output_load_7    (load         ) [ 0000001111111110]
tmp                    (dsub         ) [ 0000000111110000]
tmp_s                  (dsub         ) [ 0000000111110000]
tmp_2                  (dsub         ) [ 0000000011111000]
tmp_3                  (dsub         ) [ 0000000011111000]
tmp_4                  (dsub         ) [ 0000000001111100]
tmp_5                  (dsub         ) [ 0000000001111100]
tmp_6                  (dsub         ) [ 0000000000111110]
tmp_7                  (dsub         ) [ 0000000000111110]
tmp_1                  (dmul         ) [ 0000000000001000]
tmp_1_1                (dmul         ) [ 0000000000001000]
layer_derivative_add   (getelementptr) [ 0000000000000000]
store_ln12             (store        ) [ 0000000000000000]
layer_derivative_add_1 (getelementptr) [ 0000000000000000]
store_ln12             (store        ) [ 0000000000000000]
tmp_1_2                (dmul         ) [ 0000000000000100]
tmp_1_3                (dmul         ) [ 0000000000000100]
layer_derivative_add_2 (getelementptr) [ 0000000000000000]
store_ln12             (store        ) [ 0000000000000000]
layer_derivative_add_3 (getelementptr) [ 0000000000000000]
store_ln12             (store        ) [ 0000000000000000]
tmp_1_4                (dmul         ) [ 0000000000000010]
tmp_1_5                (dmul         ) [ 0000000000000010]
layer_derivative_add_4 (getelementptr) [ 0000000000000000]
store_ln12             (store        ) [ 0000000000000000]
layer_derivative_add_5 (getelementptr) [ 0000000000000000]
store_ln12             (store        ) [ 0000000000000000]
tmp_1_6                (dmul         ) [ 0000000000000001]
tmp_1_7                (dmul         ) [ 0000000000000001]
specbitsmap_ln0        (specbitsmap  ) [ 0000000000000000]
specbitsmap_ln0        (specbitsmap  ) [ 0000000000000000]
specbitsmap_ln0        (specbitsmap  ) [ 0000000000000000]
spectopmodule_ln0      (spectopmodule) [ 0000000000000000]
layer_derivative_add_6 (getelementptr) [ 0000000000000000]
store_ln12             (store        ) [ 0000000000000000]
layer_derivative_add_7 (getelementptr) [ 0000000000000000]
store_ln12             (store        ) [ 0000000000000000]
ret_ln13               (ret          ) [ 0000000000000000]
</LifeTime>

<model>

<comp_list>
<comp id="0" class="1000" name="layer_input">
<pin_list>
<pin id="1" dir="1" index="0" bw="1" slack="2147483647"/>
</pin_list>
<bind>
<StgValue><ssdm name="layer_input"/></StgValue>
</bind>
</comp>

<comp id="2" class="1000" name="layer_output">
<pin_list>
<pin id="3" dir="1" index="0" bw="1" slack="0"/>
</pin_list>
<bind>
<StgValue><ssdm name="layer_output"/><MemPortTyVec>1 1 </MemPortTyVec>
</StgValue>
</bind>
</comp>

<comp id="4" class="1000" name="layer_derivative">
<pin_list>
<pin id="5" dir="1" index="0" bw="1" slack="0"/>
</pin_list>
<bind>
<StgValue><ssdm name="layer_derivative"/><MemPortTyVec>0 0 </MemPortTyVec>
</StgValue>
</bind>
</comp>

<comp id="6" class="1001" name="const_6">
<pin_list>
<pin id="7" dir="1" index="0" bw="1" slack="0"/>
</pin_list>
<bind>
<StgValue><ssdm name=""/></StgValue>
</bind>
</comp>

<comp id="8" class="1001" name="const_8">
<pin_list>
<pin id="9" dir="1" index="0" bw="1" slack="0"/>
</pin_list>
<bind>
<StgValue><ssdm name=""/></StgValue>
</bind>
</comp>

<comp id="10" class="1001" name="const_10">
<pin_list>
<pin id="11" dir="1" index="0" bw="1" slack="0"/>
</pin_list>
<bind>
<StgValue><ssdm name=""/></StgValue>
</bind>
</comp>

<comp id="12" class="1001" name="const_12">
<pin_list>
<pin id="13" dir="1" index="0" bw="1" slack="0"/>
</pin_list>
<bind>
<StgValue><ssdm name=""/></StgValue>
</bind>
</comp>

<comp id="14" class="1001" name="const_14">
<pin_list>
<pin id="15" dir="1" index="0" bw="1" slack="0"/>
</pin_list>
<bind>
<StgValue><ssdm name=""/></StgValue>
</bind>
</comp>

<comp id="16" class="1001" name="const_16">
<pin_list>
<pin id="17" dir="1" index="0" bw="1" slack="0"/>
</pin_list>
<bind>
<StgValue><ssdm name=""/></StgValue>
</bind>
</comp>

<comp id="18" class="1001" name="const_18">
<pin_list>
<pin id="19" dir="1" index="0" bw="1" slack="0"/>
</pin_list>
<bind>
<StgValue><ssdm name=""/></StgValue>
</bind>
</comp>

<comp id="20" class="1001" name="const_20">
<pin_list>
<pin id="21" dir="1" index="0" bw="1" slack="0"/>
</pin_list>
<bind>
<StgValue><ssdm name=""/></StgValue>
</bind>
</comp>

<comp id="22" class="1001" name="const_22">
<pin_list>
<pin id="23" dir="1" index="0" bw="1" slack="0"/>
</pin_list>
<bind>
<StgValue><ssdm name=""/></StgValue>
</bind>
</comp>

<comp id="24" class="1001" name="const_24">
<pin_list>
<pin id="25" dir="1" index="0" bw="1" slack="0"/>
</pin_list>
<bind>
<StgValue><ssdm name=""/></StgValue>
</bind>
</comp>

<comp id="26" class="1001" name="const_26">
<pin_list>
<pin id="27" dir="1" index="0" bw="1" slack="2147483647"/>
</pin_list>
<bind>
<StgValue><ssdm name="_ssdm_op_SpecBitsMap"/></StgValue>
</bind>
</comp>

<comp id="28" class="1001" name="const_28">
<pin_list>
<pin id="29" dir="1" index="0" bw="1" slack="2147483647"/>
</pin_list>
<bind>
<StgValue><ssdm name="_ssdm_op_SpecTopModule"/></StgValue>
</bind>
</comp>

<comp id="30" class="1001" name="const_30">
<pin_list>
<pin id="31" dir="1" index="0" bw="1" slack="2147483647"/>
</pin_list>
<bind>
<StgValue><ssdm name="d_sigmoid_str"/></StgValue>
</bind>
</comp>

<comp id="32" class="1004" name="layer_output_addr_gep_fu_32">
<pin_list>
<pin id="33" dir="0" index="0" bw="64" slack="0"/>
<pin id="34" dir="0" index="1" bw="1" slack="0"/>
<pin id="35" dir="0" index="2" bw="1" slack="0"/>
<pin id="36" dir="1" index="3" bw="3" slack="0"/>
</pin_list>
<bind>
<opcode="getelementptr(29) " fcode="getelementptr"/>
<opset="layer_output_addr/1 "/>
</bind>
</comp>

<comp id="40" class="1004" name="grp_access_fu_40">
<pin_list>
<pin id="41" dir="0" index="0" bw="3" slack="0"/>
<pin id="42" dir="0" index="1" bw="64" slack="2147483647"/>
<pin id="43" dir="0" index="2" bw="0" slack="0"/>
<pin id="54" dir="0" index="4" bw="3" slack="2147483647"/>
<pin id="55" dir="0" index="5" bw="64" slack="2147483647"/>
<pin id="56" dir="0" index="6" bw="0" slack="2147483647"/>
<pin id="44" dir="1" index="3" bw="64" slack="0"/>
<pin id="57" dir="1" index="7" bw="64" slack="0"/>
</pin_list>
<bind>
<opcode="load(27) " fcode="load"/>
<opset="layer_output_load/1 layer_output_load_1/1 layer_output_load_2/2 layer_output_load_3/2 layer_output_load_4/3 layer_output_load_5/3 layer_output_load_6/4 layer_output_load_7/4 "/>
</bind>
</comp>

<comp id="46" class="1004" name="layer_output_addr_1_gep_fu_46">
<pin_list>
<pin id="47" dir="0" index="0" bw="64" slack="0"/>
<pin id="48" dir="0" index="1" bw="1" slack="0"/>
<pin id="49" dir="0" index="2" bw="3" slack="0"/>
<pin id="50" dir="1" index="3" bw="3" slack="0"/>
</pin_list>
<bind>
<opcode="getelementptr(29) " fcode="getelementptr"/>
<opset="layer_output_addr_1/1 "/>
</bind>
</comp>

<comp id="59" class="1004" name="layer_output_addr_2_gep_fu_59">
<pin_list>
<pin id="60" dir="0" index="0" bw="64" slack="0"/>
<pin id="61" dir="0" index="1" bw="1" slack="0"/>
<pin id="62" dir="0" index="2" bw="3" slack="0"/>
<pin id="63" dir="1" index="3" bw="3" slack="0"/>
</pin_list>
<bind>
<opcode="getelementptr(29) " fcode="getelementptr"/>
<opset="layer_output_addr_2/2 "/>
</bind>
</comp>

<comp id="68" class="1004" name="layer_output_addr_3_gep_fu_68">
<pin_list>
<pin id="69" dir="0" index="0" bw="64" slack="0"/>
<pin id="70" dir="0" index="1" bw="1" slack="0"/>
<pin id="71" dir="0" index="2" bw="4" slack="0"/>
<pin id="72" dir="1" index="3" bw="3" slack="0"/>
</pin_list>
<bind>
<opcode="getelementptr(29) " fcode="getelementptr"/>
<opset="layer_output_addr_3/2 "/>
</bind>
</comp>

<comp id="77" class="1004" name="layer_output_addr_4_gep_fu_77">
<pin_list>
<pin id="78" dir="0" index="0" bw="64" slack="0"/>
<pin id="79" dir="0" index="1" bw="1" slack="0"/>
<pin id="80" dir="0" index="2" bw="4" slack="0"/>
<pin id="81" dir="1" index="3" bw="3" slack="0"/>
</pin_list>
<bind>
<opcode="getelementptr(29) " fcode="getelementptr"/>
<opset="layer_output_addr_4/3 "/>
</bind>
</comp>

<comp id="86" class="1004" name="layer_output_addr_5_gep_fu_86">
<pin_list>
<pin id="87" dir="0" index="0" bw="64" slack="0"/>
<pin id="88" dir="0" index="1" bw="1" slack="0"/>
<pin id="89" dir="0" index="2" bw="4" slack="0"/>
<pin id="90" dir="1" index="3" bw="3" slack="0"/>
</pin_list>
<bind>
<opcode="getelementptr(29) " fcode="getelementptr"/>
<opset="layer_output_addr_5/3 "/>
</bind>
</comp>

<comp id="95" class="1004" name="layer_output_addr_6_gep_fu_95">
<pin_list>
<pin id="96" dir="0" index="0" bw="64" slack="0"/>
<pin id="97" dir="0" index="1" bw="1" slack="0"/>
<pin id="98" dir="0" index="2" bw="4" slack="0"/>
<pin id="99" dir="1" index="3" bw="3" slack="0"/>
</pin_list>
<bind>
<opcode="getelementptr(29) " fcode="getelementptr"/>
<opset="layer_output_addr_6/4 "/>
</bind>
</comp>

<comp id="104" class="1004" name="layer_output_addr_7_gep_fu_104">
<pin_list>
<pin id="105" dir="0" index="0" bw="64" slack="0"/>
<pin id="106" dir="0" index="1" bw="1" slack="0"/>
<pin id="107" dir="0" index="2" bw="5" slack="0"/>
<pin id="108" dir="1" index="3" bw="3" slack="0"/>
</pin_list>
<bind>
<opcode="getelementptr(29) " fcode="getelementptr"/>
<opset="layer_output_addr_7/4 "/>
</bind>
</comp>

<comp id="113" class="1004" name="layer_derivative_add_gep_fu_113">
<pin_list>
<pin id="114" dir="0" index="0" bw="64" slack="0"/>
<pin id="115" dir="0" index="1" bw="1" slack="0"/>
<pin id="116" dir="0" index="2" bw="1" slack="0"/>
<pin id="117" dir="1" index="3" bw="3" slack="0"/>
</pin_list>
<bind>
<opcode="getelementptr(29) " fcode="getelementptr"/>
<opset="layer_derivative_add/12 "/>
</bind>
</comp>

<comp id="121" class="1004" name="grp_access_fu_121">
<pin_list>
<pin id="122" dir="0" index="0" bw="3" slack="0"/>
<pin id="123" dir="0" index="1" bw="64" slack="1"/>
<pin id="124" dir="0" index="2" bw="0" slack="0"/>
<pin id="135" dir="0" index="4" bw="3" slack="1"/>
<pin id="136" dir="0" index="5" bw="64" slack="2147483647"/>
<pin id="137" dir="0" index="6" bw="0" slack="2147483647"/>
<pin id="125" dir="1" index="3" bw="64" slack="2147483647"/>
<pin id="138" dir="1" index="7" bw="64" slack="2147483647"/>
</pin_list>
<bind>
<opcode="store(28) " fcode="store"/>
<opset="store_ln12/12 store_ln12/12 store_ln12/13 store_ln12/13 store_ln12/14 store_ln12/14 store_ln12/15 store_ln12/15 "/>
</bind>
</comp>

<comp id="127" class="1004" name="layer_derivative_add_1_gep_fu_127">
<pin_list>
<pin id="128" dir="0" index="0" bw="64" slack="0"/>
<pin id="129" dir="0" index="1" bw="1" slack="0"/>
<pin id="130" dir="0" index="2" bw="1" slack="0"/>
<pin id="131" dir="1" index="3" bw="3" slack="0"/>
</pin_list>
<bind>
<opcode="getelementptr(29) " fcode="getelementptr"/>
<opset="layer_derivative_add_1/12 "/>
</bind>
</comp>

<comp id="140" class="1004" name="layer_derivative_add_2_gep_fu_140">
<pin_list>
<pin id="141" dir="0" index="0" bw="64" slack="0"/>
<pin id="142" dir="0" index="1" bw="1" slack="0"/>
<pin id="143" dir="0" index="2" bw="3" slack="0"/>
<pin id="144" dir="1" index="3" bw="3" slack="0"/>
</pin_list>
<bind>
<opcode="getelementptr(29) " fcode="getelementptr"/>
<opset="layer_derivative_add_2/13 "/>
</bind>
</comp>

<comp id="149" class="1004" name="layer_derivative_add_3_gep_fu_149">
<pin_list>
<pin id="150" dir="0" index="0" bw="64" slack="0"/>
<pin id="151" dir="0" index="1" bw="1" slack="0"/>
<pin id="152" dir="0" index="2" bw="3" slack="0"/>
<pin id="153" dir="1" index="3" bw="3" slack="0"/>
</pin_list>
<bind>
<opcode="getelementptr(29) " fcode="getelementptr"/>
<opset="layer_derivative_add_3/13 "/>
</bind>
</comp>

<comp id="158" class="1004" name="layer_derivative_add_4_gep_fu_158">
<pin_list>
<pin id="159" dir="0" index="0" bw="64" slack="0"/>
<pin id="160" dir="0" index="1" bw="1" slack="0"/>
<pin id="161" dir="0" index="2" bw="4" slack="0"/>
<pin id="162" dir="1" index="3" bw="3" slack="0"/>
</pin_list>
<bind>
<opcode="getelementptr(29) " fcode="getelementptr"/>
<opset="layer_derivative_add_4/14 "/>
</bind>
</comp>

<comp id="167" class="1004" name="layer_derivative_add_5_gep_fu_167">
<pin_list>
<pin id="168" dir="0" index="0" bw="64" slack="0"/>
<pin id="169" dir="0" index="1" bw="1" slack="0"/>
<pin id="170" dir="0" index="2" bw="4" slack="0"/>
<pin id="171" dir="1" index="3" bw="3" slack="0"/>
</pin_list>
<bind>
<opcode="getelementptr(29) " fcode="getelementptr"/>
<opset="layer_derivative_add_5/14 "/>
</bind>
</comp>

<comp id="176" class="1004" name="layer_derivative_add_6_gep_fu_176">
<pin_list>
<pin id="177" dir="0" index="0" bw="64" slack="0"/>
<pin id="178" dir="0" index="1" bw="1" slack="0"/>
<pin id="179" dir="0" index="2" bw="4" slack="0"/>
<pin id="180" dir="1" index="3" bw="3" slack="0"/>
</pin_list>
<bind>
<opcode="getelementptr(29) " fcode="getelementptr"/>
<opset="layer_derivative_add_6/15 "/>
</bind>
</comp>

<comp id="185" class="1004" name="layer_derivative_add_7_gep_fu_185">
<pin_list>
<pin id="186" dir="0" index="0" bw="64" slack="0"/>
<pin id="187" dir="0" index="1" bw="1" slack="0"/>
<pin id="188" dir="0" index="2" bw="4" slack="0"/>
<pin id="189" dir="1" index="3" bw="3" slack="0"/>
</pin_list>
<bind>
<opcode="getelementptr(29) " fcode="getelementptr"/>
<opset="layer_derivative_add_7/15 "/>
</bind>
</comp>

<comp id="194" class="1004" name="grp_fu_194">
<pin_list>
<pin id="195" dir="0" index="0" bw="64" slack="0"/>
<pin id="196" dir="0" index="1" bw="64" slack="0"/>
<pin id="197" dir="1" index="2" bw="64" slack="1"/>
</pin_list>
<bind>
<opcode="dsub(509) " fcode="dadd"/>
<opset="tmp/2 tmp_2/3 tmp_4/4 tmp_6/5 "/>
</bind>
</comp>

<comp id="200" class="1004" name="grp_fu_200">
<pin_list>
<pin id="201" dir="0" index="0" bw="64" slack="0"/>
<pin id="202" dir="0" index="1" bw="64" slack="0"/>
<pin id="203" dir="1" index="2" bw="64" slack="1"/>
</pin_list>
<bind>
<opcode="dsub(509) " fcode="dadd"/>
<opset="tmp_s/2 tmp_3/3 tmp_5/4 tmp_7/5 "/>
</bind>
</comp>

<comp id="206" class="1004" name="grp_fu_206">
<pin_list>
<pin id="207" dir="0" index="0" bw="64" slack="5"/>
<pin id="208" dir="0" index="1" bw="64" slack="1"/>
<pin id="209" dir="1" index="2" bw="64" slack="1"/>
</pin_list>
<bind>
<opcode="dmul(510) " fcode="dmul"/>
<opset="tmp_1/7 tmp_1_2/8 tmp_1_4/9 tmp_1_6/10 "/>
</bind>
</comp>

<comp id="210" class="1004" name="grp_fu_210">
<pin_list>
<pin id="211" dir="0" index="0" bw="64" slack="5"/>
<pin id="212" dir="0" index="1" bw="64" slack="1"/>
<pin id="213" dir="1" index="2" bw="64" slack="1"/>
</pin_list>
<bind>
<opcode="dmul(510) " fcode="dmul"/>
<opset="tmp_1_1/7 tmp_1_3/8 tmp_1_5/9 tmp_1_7/10 "/>
</bind>
</comp>

<comp id="214" class="1005" name="reg_214">
<pin_list>
<pin id="215" dir="0" index="0" bw="64" slack="1"/>
<pin id="216" dir="1" index="1" bw="64" slack="1"/>
</pin_list>
<bind>
<opset="tmp_1 tmp_1_2 tmp_1_4 tmp_1_6 "/>
</bind>
</comp>

<comp id="219" class="1005" name="reg_219">
<pin_list>
<pin id="220" dir="0" index="0" bw="64" slack="1"/>
<pin id="221" dir="1" index="1" bw="64" slack="1"/>
</pin_list>
<bind>
<opset="tmp_1_1 tmp_1_3 tmp_1_5 tmp_1_7 "/>
</bind>
</comp>

<comp id="224" class="1005" name="layer_output_addr_reg_224">
<pin_list>
<pin id="225" dir="0" index="0" bw="3" slack="1"/>
<pin id="226" dir="1" index="1" bw="3" slack="1"/>
</pin_list>
<bind>
<opset="layer_output_addr "/>
</bind>
</comp>

<comp id="229" class="1005" name="layer_output_addr_1_reg_229">
<pin_list>
<pin id="230" dir="0" index="0" bw="3" slack="1"/>
<pin id="231" dir="1" index="1" bw="3" slack="1"/>
</pin_list>
<bind>
<opset="layer_output_addr_1 "/>
</bind>
</comp>

<comp id="234" class="1005" name="layer_output_load_reg_234">
<pin_list>
<pin id="235" dir="0" index="0" bw="64" slack="1"/>
<pin id="236" dir="1" index="1" bw="64" slack="1"/>
</pin_list>
<bind>
<opset="layer_output_load "/>
</bind>
</comp>

<comp id="240" class="1005" name="layer_output_load_1_reg_240">
<pin_list>
<pin id="241" dir="0" index="0" bw="64" slack="1"/>
<pin id="242" dir="1" index="1" bw="64" slack="1"/>
</pin_list>
<bind>
<opset="layer_output_load_1 "/>
</bind>
</comp>

<comp id="246" class="1005" name="layer_output_addr_2_reg_246">
<pin_list>
<pin id="247" dir="0" index="0" bw="3" slack="1"/>
<pin id="248" dir="1" index="1" bw="3" slack="1"/>
</pin_list>
<bind>
<opset="layer_output_addr_2 "/>
</bind>
</comp>

<comp id="251" class="1005" name="layer_output_addr_3_reg_251">
<pin_list>
<pin id="252" dir="0" index="0" bw="3" slack="1"/>
<pin id="253" dir="1" index="1" bw="3" slack="1"/>
</pin_list>
<bind>
<opset="layer_output_addr_3 "/>
</bind>
</comp>

<comp id="256" class="1005" name="layer_output_load_2_reg_256">
<pin_list>
<pin id="257" dir="0" index="0" bw="64" slack="1"/>
<pin id="258" dir="1" index="1" bw="64" slack="1"/>
</pin_list>
<bind>
<opset="layer_output_load_2 "/>
</bind>
</comp>

<comp id="262" class="1005" name="layer_output_load_3_reg_262">
<pin_list>
<pin id="263" dir="0" index="0" bw="64" slack="1"/>
<pin id="264" dir="1" index="1" bw="64" slack="1"/>
</pin_list>
<bind>
<opset="layer_output_load_3 "/>
</bind>
</comp>

<comp id="268" class="1005" name="layer_output_addr_4_reg_268">
<pin_list>
<pin id="269" dir="0" index="0" bw="3" slack="1"/>
<pin id="270" dir="1" index="1" bw="3" slack="1"/>
</pin_list>
<bind>
<opset="layer_output_addr_4 "/>
</bind>
</comp>

<comp id="273" class="1005" name="layer_output_addr_5_reg_273">
<pin_list>
<pin id="274" dir="0" index="0" bw="3" slack="1"/>
<pin id="275" dir="1" index="1" bw="3" slack="1"/>
</pin_list>
<bind>
<opset="layer_output_addr_5 "/>
</bind>
</comp>

<comp id="278" class="1005" name="layer_output_load_4_reg_278">
<pin_list>
<pin id="279" dir="0" index="0" bw="64" slack="1"/>
<pin id="280" dir="1" index="1" bw="64" slack="1"/>
</pin_list>
<bind>
<opset="layer_output_load_4 "/>
</bind>
</comp>

<comp id="284" class="1005" name="layer_output_load_5_reg_284">
<pin_list>
<pin id="285" dir="0" index="0" bw="64" slack="1"/>
<pin id="286" dir="1" index="1" bw="64" slack="1"/>
</pin_list>
<bind>
<opset="layer_output_load_5 "/>
</bind>
</comp>

<comp id="290" class="1005" name="layer_output_addr_6_reg_290">
<pin_list>
<pin id="291" dir="0" index="0" bw="3" slack="1"/>
<pin id="292" dir="1" index="1" bw="3" slack="1"/>
</pin_list>
<bind>
<opset="layer_output_addr_6 "/>
</bind>
</comp>

<comp id="295" class="1005" name="layer_output_addr_7_reg_295">
<pin_list>
<pin id="296" dir="0" index="0" bw="3" slack="1"/>
<pin id="297" dir="1" index="1" bw="3" slack="1"/>
</pin_list>
<bind>
<opset="layer_output_addr_7 "/>
</bind>
</comp>

<comp id="300" class="1005" name="layer_output_load_6_reg_300">
<pin_list>
<pin id="301" dir="0" index="0" bw="64" slack="1"/>
<pin id="302" dir="1" index="1" bw="64" slack="1"/>
</pin_list>
<bind>
<opset="layer_output_load_6 "/>
</bind>
</comp>

<comp id="306" class="1005" name="layer_output_load_7_reg_306">
<pin_list>
<pin id="307" dir="0" index="0" bw="64" slack="1"/>
<pin id="308" dir="1" index="1" bw="64" slack="1"/>
</pin_list>
<bind>
<opset="layer_output_load_7 "/>
</bind>
</comp>

<comp id="312" class="1005" name="tmp_reg_312">
<pin_list>
<pin id="313" dir="0" index="0" bw="64" slack="1"/>
<pin id="314" dir="1" index="1" bw="64" slack="1"/>
</pin_list>
<bind>
<opset="tmp "/>
</bind>
</comp>

<comp id="317" class="1005" name="tmp_s_reg_317">
<pin_list>
<pin id="318" dir="0" index="0" bw="64" slack="1"/>
<pin id="319" dir="1" index="1" bw="64" slack="1"/>
</pin_list>
<bind>
<opset="tmp_s "/>
</bind>
</comp>

<comp id="322" class="1005" name="tmp_2_reg_322">
<pin_list>
<pin id="323" dir="0" index="0" bw="64" slack="1"/>
<pin id="324" dir="1" index="1" bw="64" slack="1"/>
</pin_list>
<bind>
<opset="tmp_2 "/>
</bind>
</comp>

<comp id="327" class="1005" name="tmp_3_reg_327">
<pin_list>
<pin id="328" dir="0" index="0" bw="64" slack="1"/>
<pin id="329" dir="1" index="1" bw="64" slack="1"/>
</pin_list>
<bind>
<opset="tmp_3 "/>
</bind>
</comp>

<comp id="332" class="1005" name="tmp_4_reg_332">
<pin_list>
<pin id="333" dir="0" index="0" bw="64" slack="1"/>
<pin id="334" dir="1" index="1" bw="64" slack="1"/>
</pin_list>
<bind>
<opset="tmp_4 "/>
</bind>
</comp>

<comp id="337" class="1005" name="tmp_5_reg_337">
<pin_list>
<pin id="338" dir="0" index="0" bw="64" slack="1"/>
<pin id="339" dir="1" index="1" bw="64" slack="1"/>
</pin_list>
<bind>
<opset="tmp_5 "/>
</bind>
</comp>

<comp id="342" class="1005" name="tmp_6_reg_342">
<pin_list>
<pin id="343" dir="0" index="0" bw="64" slack="1"/>
<pin id="344" dir="1" index="1" bw="64" slack="1"/>
</pin_list>
<bind>
<opset="tmp_6 "/>
</bind>
</comp>

<comp id="347" class="1005" name="tmp_7_reg_347">
<pin_list>
<pin id="348" dir="0" index="0" bw="64" slack="1"/>
<pin id="349" dir="1" index="1" bw="64" slack="1"/>
</pin_list>
<bind>
<opset="tmp_7 "/>
</bind>
</comp>

</comp_list>

<net_list>
<net id="37"><net_src comp="2" pin="0"/><net_sink comp="32" pin=0"/></net>

<net id="38"><net_src comp="6" pin="0"/><net_sink comp="32" pin=1"/></net>

<net id="39"><net_src comp="8" pin="0"/><net_sink comp="32" pin=2"/></net>

<net id="45"><net_src comp="32" pin="3"/><net_sink comp="40" pin=0"/></net>

<net id="51"><net_src comp="2" pin="0"/><net_sink comp="46" pin=0"/></net>

<net id="52"><net_src comp="6" pin="0"/><net_sink comp="46" pin=1"/></net>

<net id="53"><net_src comp="10" pin="0"/><net_sink comp="46" pin=2"/></net>

<net id="58"><net_src comp="46" pin="3"/><net_sink comp="40" pin=2"/></net>

<net id="64"><net_src comp="2" pin="0"/><net_sink comp="59" pin=0"/></net>

<net id="65"><net_src comp="6" pin="0"/><net_sink comp="59" pin=1"/></net>

<net id="66"><net_src comp="14" pin="0"/><net_sink comp="59" pin=2"/></net>

<net id="67"><net_src comp="59" pin="3"/><net_sink comp="40" pin=0"/></net>

<net id="73"><net_src comp="2" pin="0"/><net_sink comp="68" pin=0"/></net>

<net id="74"><net_src comp="6" pin="0"/><net_sink comp="68" pin=1"/></net>

<net id="75"><net_src comp="16" pin="0"/><net_sink comp="68" pin=2"/></net>

<net id="76"><net_src comp="68" pin="3"/><net_sink comp="40" pin=2"/></net>

<net id="82"><net_src comp="2" pin="0"/><net_sink comp="77" pin=0"/></net>

<net id="83"><net_src comp="6" pin="0"/><net_sink comp="77" pin=1"/></net>

<net id="84"><net_src comp="18" pin="0"/><net_sink comp="77" pin=2"/></net>

<net id="85"><net_src comp="77" pin="3"/><net_sink comp="40" pin=0"/></net>

<net id="91"><net_src comp="2" pin="0"/><net_sink comp="86" pin=0"/></net>

<net id="92"><net_src comp="6" pin="0"/><net_sink comp="86" pin=1"/></net>

<net id="93"><net_src comp="20" pin="0"/><net_sink comp="86" pin=2"/></net>

<net id="94"><net_src comp="86" pin="3"/><net_sink comp="40" pin=2"/></net>

<net id="100"><net_src comp="2" pin="0"/><net_sink comp="95" pin=0"/></net>

<net id="101"><net_src comp="6" pin="0"/><net_sink comp="95" pin=1"/></net>

<net id="102"><net_src comp="22" pin="0"/><net_sink comp="95" pin=2"/></net>

<net id="103"><net_src comp="95" pin="3"/><net_sink comp="40" pin=0"/></net>

<net id="109"><net_src comp="2" pin="0"/><net_sink comp="104" pin=0"/></net>

<net id="110"><net_src comp="6" pin="0"/><net_sink comp="104" pin=1"/></net>

<net id="111"><net_src comp="24" pin="0"/><net_sink comp="104" pin=2"/></net>

<net id="112"><net_src comp="104" pin="3"/><net_sink comp="40" pin=2"/></net>

<net id="118"><net_src comp="4" pin="0"/><net_sink comp="113" pin=0"/></net>

<net id="119"><net_src comp="6" pin="0"/><net_sink comp="113" pin=1"/></net>

<net id="120"><net_src comp="6" pin="0"/><net_sink comp="113" pin=2"/></net>

<net id="126"><net_src comp="113" pin="3"/><net_sink comp="121" pin=0"/></net>

<net id="132"><net_src comp="4" pin="0"/><net_sink comp="127" pin=0"/></net>

<net id="133"><net_src comp="6" pin="0"/><net_sink comp="127" pin=1"/></net>

<net id="134"><net_src comp="8" pin="0"/><net_sink comp="127" pin=2"/></net>

<net id="139"><net_src comp="127" pin="3"/><net_sink comp="121" pin=2"/></net>

<net id="145"><net_src comp="4" pin="0"/><net_sink comp="140" pin=0"/></net>

<net id="146"><net_src comp="6" pin="0"/><net_sink comp="140" pin=1"/></net>

<net id="147"><net_src comp="10" pin="0"/><net_sink comp="140" pin=2"/></net>

<net id="148"><net_src comp="140" pin="3"/><net_sink comp="121" pin=0"/></net>

<net id="154"><net_src comp="4" pin="0"/><net_sink comp="149" pin=0"/></net>

<net id="155"><net_src comp="6" pin="0"/><net_sink comp="149" pin=1"/></net>

<net id="156"><net_src comp="14" pin="0"/><net_sink comp="149" pin=2"/></net>

<net id="157"><net_src comp="149" pin="3"/><net_sink comp="121" pin=2"/></net>

<net id="163"><net_src comp="4" pin="0"/><net_sink comp="158" pin=0"/></net>

<net id="164"><net_src comp="6" pin="0"/><net_sink comp="158" pin=1"/></net>

<net id="165"><net_src comp="16" pin="0"/><net_sink comp="158" pin=2"/></net>

<net id="166"><net_src comp="158" pin="3"/><net_sink comp="121" pin=0"/></net>

<net id="172"><net_src comp="4" pin="0"/><net_sink comp="167" pin=0"/></net>

<net id="173"><net_src comp="6" pin="0"/><net_sink comp="167" pin=1"/></net>

<net id="174"><net_src comp="18" pin="0"/><net_sink comp="167" pin=2"/></net>

<net id="175"><net_src comp="167" pin="3"/><net_sink comp="121" pin=2"/></net>

<net id="181"><net_src comp="4" pin="0"/><net_sink comp="176" pin=0"/></net>

<net id="182"><net_src comp="6" pin="0"/><net_sink comp="176" pin=1"/></net>

<net id="183"><net_src comp="20" pin="0"/><net_sink comp="176" pin=2"/></net>

<net id="184"><net_src comp="176" pin="3"/><net_sink comp="121" pin=0"/></net>

<net id="190"><net_src comp="4" pin="0"/><net_sink comp="185" pin=0"/></net>

<net id="191"><net_src comp="6" pin="0"/><net_sink comp="185" pin=1"/></net>

<net id="192"><net_src comp="22" pin="0"/><net_sink comp="185" pin=2"/></net>

<net id="193"><net_src comp="185" pin="3"/><net_sink comp="121" pin=2"/></net>

<net id="198"><net_src comp="12" pin="0"/><net_sink comp="194" pin=0"/></net>

<net id="199"><net_src comp="40" pin="3"/><net_sink comp="194" pin=1"/></net>

<net id="204"><net_src comp="12" pin="0"/><net_sink comp="200" pin=0"/></net>

<net id="205"><net_src comp="40" pin="7"/><net_sink comp="200" pin=1"/></net>

<net id="217"><net_src comp="206" pin="2"/><net_sink comp="214" pin=0"/></net>

<net id="218"><net_src comp="214" pin="1"/><net_sink comp="121" pin=1"/></net>

<net id="222"><net_src comp="210" pin="2"/><net_sink comp="219" pin=0"/></net>

<net id="223"><net_src comp="219" pin="1"/><net_sink comp="121" pin=4"/></net>

<net id="227"><net_src comp="32" pin="3"/><net_sink comp="224" pin=0"/></net>

<net id="228"><net_src comp="224" pin="1"/><net_sink comp="40" pin=0"/></net>

<net id="232"><net_src comp="46" pin="3"/><net_sink comp="229" pin=0"/></net>

<net id="233"><net_src comp="229" pin="1"/><net_sink comp="40" pin=2"/></net>

<net id="237"><net_src comp="40" pin="3"/><net_sink comp="234" pin=0"/></net>

<net id="238"><net_src comp="234" pin="1"/><net_sink comp="194" pin=1"/></net>

<net id="239"><net_src comp="234" pin="1"/><net_sink comp="206" pin=0"/></net>

<net id="243"><net_src comp="40" pin="7"/><net_sink comp="240" pin=0"/></net>

<net id="244"><net_src comp="240" pin="1"/><net_sink comp="200" pin=1"/></net>

<net id="245"><net_src comp="240" pin="1"/><net_sink comp="210" pin=0"/></net>

<net id="249"><net_src comp="59" pin="3"/><net_sink comp="246" pin=0"/></net>

<net id="250"><net_src comp="246" pin="1"/><net_sink comp="40" pin=0"/></net>

<net id="254"><net_src comp="68" pin="3"/><net_sink comp="251" pin=0"/></net>

<net id="255"><net_src comp="251" pin="1"/><net_sink comp="40" pin=2"/></net>

<net id="259"><net_src comp="40" pin="3"/><net_sink comp="256" pin=0"/></net>

<net id="260"><net_src comp="256" pin="1"/><net_sink comp="194" pin=1"/></net>

<net id="261"><net_src comp="256" pin="1"/><net_sink comp="206" pin=0"/></net>

<net id="265"><net_src comp="40" pin="7"/><net_sink comp="262" pin=0"/></net>

<net id="266"><net_src comp="262" pin="1"/><net_sink comp="200" pin=1"/></net>

<net id="267"><net_src comp="262" pin="1"/><net_sink comp="210" pin=0"/></net>

<net id="271"><net_src comp="77" pin="3"/><net_sink comp="268" pin=0"/></net>

<net id="272"><net_src comp="268" pin="1"/><net_sink comp="40" pin=0"/></net>

<net id="276"><net_src comp="86" pin="3"/><net_sink comp="273" pin=0"/></net>

<net id="277"><net_src comp="273" pin="1"/><net_sink comp="40" pin=2"/></net>

<net id="281"><net_src comp="40" pin="3"/><net_sink comp="278" pin=0"/></net>

<net id="282"><net_src comp="278" pin="1"/><net_sink comp="194" pin=1"/></net>

<net id="283"><net_src comp="278" pin="1"/><net_sink comp="206" pin=0"/></net>

<net id="287"><net_src comp="40" pin="7"/><net_sink comp="284" pin=0"/></net>

<net id="288"><net_src comp="284" pin="1"/><net_sink comp="200" pin=1"/></net>

<net id="289"><net_src comp="284" pin="1"/><net_sink comp="210" pin=0"/></net>

<net id="293"><net_src comp="95" pin="3"/><net_sink comp="290" pin=0"/></net>

<net id="294"><net_src comp="290" pin="1"/><net_sink comp="40" pin=0"/></net>

<net id="298"><net_src comp="104" pin="3"/><net_sink comp="295" pin=0"/></net>

<net id="299"><net_src comp="295" pin="1"/><net_sink comp="40" pin=2"/></net>

<net id="303"><net_src comp="40" pin="3"/><net_sink comp="300" pin=0"/></net>

<net id="304"><net_src comp="300" pin="1"/><net_sink comp="194" pin=1"/></net>

<net id="305"><net_src comp="300" pin="1"/><net_sink comp="206" pin=0"/></net>

<net id="309"><net_src comp="40" pin="7"/><net_sink comp="306" pin=0"/></net>

<net id="310"><net_src comp="306" pin="1"/><net_sink comp="200" pin=1"/></net>

<net id="311"><net_src comp="306" pin="1"/><net_sink comp="210" pin=0"/></net>

<net id="315"><net_src comp="194" pin="2"/><net_sink comp="312" pin=0"/></net>

<net id="316"><net_src comp="312" pin="1"/><net_sink comp="206" pin=1"/></net>

<net id="320"><net_src comp="200" pin="2"/><net_sink comp="317" pin=0"/></net>

<net id="321"><net_src comp="317" pin="1"/><net_sink comp="210" pin=1"/></net>

<net id="325"><net_src comp="194" pin="2"/><net_sink comp="322" pin=0"/></net>

<net id="326"><net_src comp="322" pin="1"/><net_sink comp="206" pin=1"/></net>

<net id="330"><net_src comp="200" pin="2"/><net_sink comp="327" pin=0"/></net>

<net id="331"><net_src comp="327" pin="1"/><net_sink comp="210" pin=1"/></net>

<net id="335"><net_src comp="194" pin="2"/><net_sink comp="332" pin=0"/></net>

<net id="336"><net_src comp="332" pin="1"/><net_sink comp="206" pin=1"/></net>

<net id="340"><net_src comp="200" pin="2"/><net_sink comp="337" pin=0"/></net>

<net id="341"><net_src comp="337" pin="1"/><net_sink comp="210" pin=1"/></net>

<net id="345"><net_src comp="194" pin="2"/><net_sink comp="342" pin=0"/></net>

<net id="346"><net_src comp="342" pin="1"/><net_sink comp="206" pin=1"/></net>

<net id="350"><net_src comp="200" pin="2"/><net_sink comp="347" pin=0"/></net>

<net id="351"><net_src comp="347" pin="1"/><net_sink comp="210" pin=1"/></net>

</net_list>

</model> 
---------------- Datapath Model END ------------------

* FSMD analyzer results:
  - Output states:
	Port: layer_derivative | {12 13 14 15 }
 - Input state : 
	Port: d_sigmoid : layer_output | {1 2 3 4 5 }
  - Chain level:
	State 1
		layer_output_load : 1
		layer_output_load_1 : 1
	State 2
		tmp : 1
		tmp_s : 1
		layer_output_load_2 : 1
		layer_output_load_3 : 1
	State 3
		tmp_2 : 1
		tmp_3 : 1
		layer_output_load_4 : 1
		layer_output_load_5 : 1
	State 4
		tmp_4 : 1
		tmp_5 : 1
		layer_output_load_6 : 1
		layer_output_load_7 : 1
	State 5
		tmp_6 : 1
		tmp_7 : 1
	State 6
	State 7
	State 8
	State 9
	State 10
	State 11
	State 12
		store_ln12 : 1
		store_ln12 : 1
	State 13
		store_ln12 : 1
		store_ln12 : 1
	State 14
		store_ln12 : 1
		store_ln12 : 1
	State 15
		store_ln12 : 1
		store_ln12 : 1


============================================================
+ Verbose Summary: Datapath Resource usage 
============================================================

* Functional unit list:
|----------|----------------|---------|---------|---------|
| Operation| Functional Unit|  DSP48E |    FF   |   LUT   |
|----------|----------------|---------|---------|---------|
|   dadd   |   grp_fu_194   |    3    |   446   |   1146  |
|          |   grp_fu_200   |    3    |   446   |   1146  |
|----------|----------------|---------|---------|---------|
|   dmul   |   grp_fu_206   |    11   |   299   |   578   |
|          |   grp_fu_210   |    11   |   299   |   578   |
|----------|----------------|---------|---------|---------|
|   Total  |                |    28   |   1490  |   3448  |
|----------|----------------|---------|---------|---------|

Memories:
N/A

* Register list:
+---------------------------+--------+
|                           |   FF   |
+---------------------------+--------+
|layer_output_addr_1_reg_229|    3   |
|layer_output_addr_2_reg_246|    3   |
|layer_output_addr_3_reg_251|    3   |
|layer_output_addr_4_reg_268|    3   |
|layer_output_addr_5_reg_273|    3   |
|layer_output_addr_6_reg_290|    3   |
|layer_output_addr_7_reg_295|    3   |
| layer_output_addr_reg_224 |    3   |
|layer_output_load_1_reg_240|   64   |
|layer_output_load_2_reg_256|   64   |
|layer_output_load_3_reg_262|   64   |
|layer_output_load_4_reg_278|   64   |
|layer_output_load_5_reg_284|   64   |
|layer_output_load_6_reg_300|   64   |
|layer_output_load_7_reg_306|   64   |
| layer_output_load_reg_234 |   64   |
|          reg_214          |   64   |
|          reg_219          |   64   |
|       tmp_2_reg_322       |   64   |
|       tmp_3_reg_327       |   64   |
|       tmp_4_reg_332       |   64   |
|       tmp_5_reg_337       |   64   |
|       tmp_6_reg_342       |   64   |
|       tmp_7_reg_347       |   64   |
|        tmp_reg_312        |   64   |
|       tmp_s_reg_317       |   64   |
+---------------------------+--------+
|           Total           |  1176  |
+---------------------------+--------+

* Multiplexer (MUX) list: 
|-------------------|------|------|------|--------||---------||---------|
|        Comp       |  Pin | Size |  BW  | S x BW ||  Delay  ||   LUT   |
|-------------------|------|------|------|--------||---------||---------|
|  grp_access_fu_40 |  p0  |   8  |   3  |   24   ||    41   |
|  grp_access_fu_40 |  p2  |   8  |   0  |    0   ||    41   |
| grp_access_fu_121 |  p0  |   4  |   3  |   12   ||    21   |
| grp_access_fu_121 |  p2  |   4  |   0  |    0   ||    21   |
|     grp_fu_194    |  p1  |   5  |  64  |   320  ||    27   |
|     grp_fu_200    |  p1  |   5  |  64  |   320  ||    27   |
|     grp_fu_206    |  p0  |   4  |  64  |   256  ||    21   |
|     grp_fu_206    |  p1  |   4  |  64  |   256  ||    21   |
|     grp_fu_210    |  p0  |   4  |  64  |   256  ||    21   |
|     grp_fu_210    |  p1  |   4  |  64  |   256  ||    21   |
|-------------------|------|------|------|--------||---------||---------|
|       Total       |      |      |      |  1700  || 14.3091 ||   262   |
|-------------------|------|------|------|--------||---------||---------|



* Summary:
+-----------+--------+--------+--------+--------+
|           | DSP48E |  Delay |   FF   |   LUT  |
+-----------+--------+--------+--------+--------+
|  Function |   28   |    -   |  1490  |  3448  |
|   Memory  |    -   |    -   |    -   |    -   |
|Multiplexer|    -   |   14   |    -   |   262  |
|  Register |    -   |    -   |  1176  |    -   |
+-----------+--------+--------+--------+--------+
|   Total   |   28   |   14   |  2666  |  3710  |
+-----------+--------+--------+--------+--------+
